2024-06-07T17:20:44.400+09:00  INFO 12977 --- [restartedMain] c.d.d.api.DhflourDemo1Application        : Starting DhflourDemo1Application using Java 17.0.10 with PID 12977 (/Users/chonglye/Documents/Works/projects/dhflour-study-2024-back/api/build/classes/java/main started by chonglye in /Users/chonglye/Documents/Works/projects/dhflour-study-2024-back/api)
2024-06-07T17:20:44.401+09:00 DEBUG 12977 --- [restartedMain] c.d.d.api.DhflourDemo1Application        : Running with Spring Boot v3.2.4, Spring v6.1.5
2024-06-07T17:20:44.401+09:00  INFO 12977 --- [restartedMain] c.d.d.api.DhflourDemo1Application        : The following 2 profiles are active: "core", "local"
2024-06-07T17:20:44.422+09:00  INFO 12977 --- [restartedMain] .e.DevToolsPropertyDefaultsPostProcessor : Devtools property defaults active! Set 'spring.devtools.add-properties' to 'false' to disable
2024-06-07T17:20:44.422+09:00  INFO 12977 --- [restartedMain] .e.DevToolsPropertyDefaultsPostProcessor : For additional web related logging consider setting the 'logging.level.web' property to 'DEBUG'
2024-06-07T17:20:44.733+09:00  INFO 12977 --- [restartedMain] .s.d.r.c.RepositoryConfigurationDelegate : Bootstrapping Spring Data R2DBC repositories in DEFAULT mode.
2024-06-07T17:20:44.740+09:00  INFO 12977 --- [restartedMain] .s.d.r.c.RepositoryConfigurationDelegate : Finished Spring Data repository scanning in 4 ms. Found 0 R2DBC repository interfaces.
2024-06-07T17:20:44.873+09:00  INFO 12977 --- [restartedMain] .s.d.r.c.RepositoryConfigurationDelegate : Bootstrapping Spring Data R2DBC repositories in DEFAULT mode.
2024-06-07T17:20:44.940+09:00  INFO 12977 --- [restartedMain] .s.d.r.c.RepositoryConfigurationDelegate : Finished Spring Data repository scanning in 67 ms. Found 1 R2DBC repository interface.
2024-06-07T17:20:45.079+09:00 DEBUG 12977 --- [restartedMain] i.n.u.i.logging.InternalLoggerFactory    : Using SLF4J as the default logging framework
2024-06-07T17:20:45.080+09:00 DEBUG 12977 --- [restartedMain] i.n.util.internal.PlatformDependent0     : -Dio.netty.noUnsafe: false
2024-06-07T17:20:45.081+09:00 DEBUG 12977 --- [restartedMain] i.n.util.internal.PlatformDependent0     : Java version: 17
2024-06-07T17:20:45.081+09:00 DEBUG 12977 --- [restartedMain] i.n.util.internal.PlatformDependent0     : sun.misc.Unsafe.theUnsafe: available
2024-06-07T17:20:45.082+09:00 DEBUG 12977 --- [restartedMain] i.n.util.internal.PlatformDependent0     : sun.misc.Unsafe.copyMemory: available
2024-06-07T17:20:45.082+09:00 DEBUG 12977 --- [restartedMain] i.n.util.internal.PlatformDependent0     : sun.misc.Unsafe.storeFence: available
2024-06-07T17:20:45.082+09:00 DEBUG 12977 --- [restartedMain] i.n.util.internal.PlatformDependent0     : java.nio.Buffer.address: available
2024-06-07T17:20:45.082+09:00 DEBUG 12977 --- [restartedMain] i.n.util.internal.PlatformDependent0     : direct buffer constructor: unavailable: Reflective setAccessible(true) disabled
2024-06-07T17:20:45.083+09:00 DEBUG 12977 --- [restartedMain] i.n.util.internal.PlatformDependent0     : java.nio.Bits.unaligned: available, true
2024-06-07T17:20:45.083+09:00 DEBUG 12977 --- [restartedMain] i.n.util.internal.PlatformDependent0     : jdk.internal.misc.Unsafe.allocateUninitializedArray(int): unavailable: class io.netty.util.internal.PlatformDependent0$7 cannot access class jdk.internal.misc.Unsafe (in module java.base) because module java.base does not export jdk.internal.misc to unnamed module @16529dec
2024-06-07T17:20:45.084+09:00 DEBUG 12977 --- [restartedMain] i.n.util.internal.PlatformDependent0     : java.nio.DirectByteBuffer.<init>(long, {int,long}): unavailable
2024-06-07T17:20:45.084+09:00 DEBUG 12977 --- [restartedMain] i.netty.util.internal.PlatformDependent  : sun.misc.Unsafe: available
2024-06-07T17:20:45.084+09:00 DEBUG 12977 --- [restartedMain] i.netty.util.internal.PlatformDependent  : -Dio.netty.tmpdir: /var/folders/jp/x46wkg_s2kn97yc840thd_ph0000gn/T (java.io.tmpdir)
2024-06-07T17:20:45.084+09:00 DEBUG 12977 --- [restartedMain] i.netty.util.internal.PlatformDependent  : -Dio.netty.bitMode: 64 (sun.arch.data.model)
2024-06-07T17:20:45.084+09:00 DEBUG 12977 --- [restartedMain] i.netty.util.internal.PlatformDependent  : Platform: MacOS
2024-06-07T17:20:45.084+09:00 DEBUG 12977 --- [restartedMain] i.netty.util.internal.PlatformDependent  : -Dio.netty.maxDirectMemory: -1 bytes
2024-06-07T17:20:45.084+09:00 DEBUG 12977 --- [restartedMain] i.netty.util.internal.PlatformDependent  : -Dio.netty.uninitializedArrayAllocationThreshold: -1
2024-06-07T17:20:45.085+09:00 DEBUG 12977 --- [restartedMain] io.netty.util.internal.CleanerJava9      : java.nio.ByteBuffer.cleaner(): available
2024-06-07T17:20:45.085+09:00 DEBUG 12977 --- [restartedMain] i.netty.util.internal.PlatformDependent  : -Dio.netty.noPreferDirect: false
2024-06-07T17:20:45.117+09:00 DEBUG 12977 --- [restartedMain] i.n.u.internal.InternalThreadLocalMap    : -Dio.netty.threadLocalMap.stringBuilder.initialSize: 1024
2024-06-07T17:20:45.117+09:00 DEBUG 12977 --- [restartedMain] i.n.u.internal.InternalThreadLocalMap    : -Dio.netty.threadLocalMap.stringBuilder.maxSize: 4096
2024-06-07T17:20:45.127+09:00 DEBUG 12977 --- [restartedMain] io.netty.util.ResourceLeakDetector       : -Dio.netty.leakDetection.level: simple
2024-06-07T17:20:45.127+09:00 DEBUG 12977 --- [restartedMain] io.netty.util.ResourceLeakDetector       : -Dio.netty.leakDetection.targetRecords: 4
2024-06-07T17:20:45.146+09:00 DEBUG 12977 --- [restartedMain] i.n.util.concurrent.GlobalEventExecutor  : -Dio.netty.globalEventExecutor.quietPeriodSeconds: 1
2024-06-07T17:20:45.181+09:00 DEBUG 12977 --- [restartedMain] c.d.d.c.s.jwt.JWTSymmetricServiceImpl    : Algorithm set to: HS256
2024-06-07T17:20:45.330+09:00 DEBUG 12977 --- [restartedMain] c.d.d.c.s.jwt.JWTAsymmetricServiceImpl   : Algorithm set to: RS256, Key size set to: 2048
2024-06-07T17:20:45.467+09:00  INFO 12977 --- [restartedMain] o.s.b.a.e.web.EndpointLinksResolver      : Exposing 3 endpoint(s) beneath base path '/actuator'
2024-06-07T17:20:45.529+09:00 DEBUG 12977 --- [restartedMain] c.d.dhflourdemo1.api.config.R2dbcConfig  : r2dbcTransactionManager
2024-06-07T17:20:45.674+09:00  WARN 12977 --- [restartedMain] o.s.b.d.a.OptionalLiveReloadServer       : Unable to start LiveReload server
2024-06-07T17:20:45.705+09:00 DEBUG 12977 --- [restartedMain] i.n.util.internal.NativeLibraryLoader    : -Dio.netty.native.workdir: /var/folders/jp/x46wkg_s2kn97yc840thd_ph0000gn/T (io.netty.tmpdir)
2024-06-07T17:20:45.705+09:00 DEBUG 12977 --- [restartedMain] i.n.util.internal.NativeLibraryLoader    : -Dio.netty.native.deleteLibAfterLoading: true
2024-06-07T17:20:45.705+09:00 DEBUG 12977 --- [restartedMain] i.n.util.internal.NativeLibraryLoader    : -Dio.netty.native.tryPatchShadedId: true
2024-06-07T17:20:45.705+09:00 DEBUG 12977 --- [restartedMain] i.n.util.internal.NativeLibraryLoader    : -Dio.netty.native.detectNativeLibraryDuplicates: true
2024-06-07T17:20:45.966+09:00 DEBUG 12977 --- [restartedMain] i.n.util.internal.NativeLibraryLoader    : Successfully loaded the library /var/folders/jp/x46wkg_s2kn97yc840thd_ph0000gn/T/libnetty_transport_native_kqueue_aarch_6413155143459749395732.dylib
2024-06-07T17:20:45.967+09:00 DEBUG 12977 --- [restartedMain] io.netty.util.NetUtil                    : -Djava.net.preferIPv4Stack: false
2024-06-07T17:20:45.968+09:00 DEBUG 12977 --- [restartedMain] io.netty.util.NetUtil                    : -Djava.net.preferIPv6Addresses: false
2024-06-07T17:20:45.971+09:00 DEBUG 12977 --- [restartedMain] io.netty.util.NetUtilInitializations     : Loopback interface: lo0 (lo0, 0:0:0:0:0:0:0:1%lo0)
2024-06-07T17:20:45.971+09:00 DEBUG 12977 --- [restartedMain] io.netty.util.NetUtil                    : Failed to get SOMAXCONN from sysctl and file /proc/sys/net/core/somaxconn. Default: 128
2024-06-07T17:20:45.973+09:00 DEBUG 12977 --- [restartedMain] i.n.channel.MultithreadEventLoopGroup    : -Dio.netty.eventLoopThreads: 40
2024-06-07T17:20:45.978+09:00 DEBUG 12977 --- [restartedMain] i.netty.util.internal.PlatformDependent  : org.jctools-core.MpscChunkedArrayQueue: available
2024-06-07T17:20:45.981+09:00 DEBUG 12977 --- [restartedMain] io.netty.buffer.AbstractByteBuf          : -Dio.netty.buffer.checkAccessible: true
2024-06-07T17:20:45.981+09:00 DEBUG 12977 --- [restartedMain] io.netty.buffer.AbstractByteBuf          : -Dio.netty.buffer.checkBounds: true
2024-06-07T17:20:45.981+09:00 DEBUG 12977 --- [restartedMain] i.n.util.ResourceLeakDetectorFactory     : Loaded default ResourceLeakDetector: io.netty.util.ResourceLeakDetector@300e462c
2024-06-07T17:20:45.990+09:00 DEBUG 12977 --- [restartedMain] io.netty.channel.DefaultChannelId        : -Dio.netty.processId: 12977 (auto-detected)
2024-06-07T17:20:45.991+09:00 DEBUG 12977 --- [restartedMain] io.netty.channel.DefaultChannelId        : -Dio.netty.machineId: 9c:76:0e:ff:fe:82:c4:a0 (auto-detected)
2024-06-07T17:20:45.999+09:00 DEBUG 12977 --- [restartedMain] io.netty.buffer.PooledByteBufAllocator   : -Dio.netty.allocator.numHeapArenas: 40
2024-06-07T17:20:45.999+09:00 DEBUG 12977 --- [restartedMain] io.netty.buffer.PooledByteBufAllocator   : -Dio.netty.allocator.numDirectArenas: 40
2024-06-07T17:20:45.999+09:00 DEBUG 12977 --- [restartedMain] io.netty.buffer.PooledByteBufAllocator   : -Dio.netty.allocator.pageSize: 8192
2024-06-07T17:20:45.999+09:00 DEBUG 12977 --- [restartedMain] io.netty.buffer.PooledByteBufAllocator   : -Dio.netty.allocator.maxOrder: 9
2024-06-07T17:20:45.999+09:00 DEBUG 12977 --- [restartedMain] io.netty.buffer.PooledByteBufAllocator   : -Dio.netty.allocator.chunkSize: 4194304
2024-06-07T17:20:45.999+09:00 DEBUG 12977 --- [restartedMain] io.netty.buffer.PooledByteBufAllocator   : -Dio.netty.allocator.smallCacheSize: 256
2024-06-07T17:20:45.999+09:00 DEBUG 12977 --- [restartedMain] io.netty.buffer.PooledByteBufAllocator   : -Dio.netty.allocator.normalCacheSize: 64
2024-06-07T17:20:45.999+09:00 DEBUG 12977 --- [restartedMain] io.netty.buffer.PooledByteBufAllocator   : -Dio.netty.allocator.maxCachedBufferCapacity: 32768
2024-06-07T17:20:45.999+09:00 DEBUG 12977 --- [restartedMain] io.netty.buffer.PooledByteBufAllocator   : -Dio.netty.allocator.cacheTrimInterval: 8192
2024-06-07T17:20:45.999+09:00 DEBUG 12977 --- [restartedMain] io.netty.buffer.PooledByteBufAllocator   : -Dio.netty.allocator.cacheTrimIntervalMillis: 0
2024-06-07T17:20:45.999+09:00 DEBUG 12977 --- [restartedMain] io.netty.buffer.PooledByteBufAllocator   : -Dio.netty.allocator.useCacheForAllThreads: false
2024-06-07T17:20:45.999+09:00 DEBUG 12977 --- [restartedMain] io.netty.buffer.PooledByteBufAllocator   : -Dio.netty.allocator.maxCachedByteBuffersPerChunk: 1023
2024-06-07T17:20:46.004+09:00 DEBUG 12977 --- [restartedMain] io.netty.buffer.ByteBufUtil              : -Dio.netty.allocator.type: pooled
2024-06-07T17:20:46.004+09:00 DEBUG 12977 --- [restartedMain] io.netty.buffer.ByteBufUtil              : -Dio.netty.threadLocalDirectBufferSize: 0
2024-06-07T17:20:46.004+09:00 DEBUG 12977 --- [restartedMain] io.netty.buffer.ByteBufUtil              : -Dio.netty.maxThreadLocalCharBufferSize: 16384
2024-06-07T17:20:46.009+09:00  INFO 12977 --- [restartedMain] o.s.b.web.embedded.netty.NettyWebServer  : Netty started on port 8080
2024-06-07T17:20:46.019+09:00  INFO 12977 --- [restartedMain] c.d.d.api.DhflourDemo1Application        : Started DhflourDemo1Application in 1.85 seconds (process running for 2.043)
2024-06-07T17:20:56.172+09:00 DEBUG 12977 --- [reactor-http-kqueue-2] io.netty.util.Recycler                   : -Dio.netty.recycler.maxCapacityPerThread: 4096
2024-06-07T17:20:56.172+09:00 DEBUG 12977 --- [reactor-http-kqueue-2] io.netty.util.Recycler                   : -Dio.netty.recycler.ratio: 8
2024-06-07T17:20:56.172+09:00 DEBUG 12977 --- [reactor-http-kqueue-2] io.netty.util.Recycler                   : -Dio.netty.recycler.chunkSize: 32
2024-06-07T17:20:56.172+09:00 DEBUG 12977 --- [reactor-http-kqueue-2] io.netty.util.Recycler                   : -Dio.netty.recycler.blocking: false
2024-06-07T17:20:56.172+09:00 DEBUG 12977 --- [reactor-http-kqueue-2] io.netty.util.Recycler                   : -Dio.netty.recycler.batchFastThreadLocalOnly: true
2024-06-07T17:46:55.759+09:00 DEBUG 12977 --- [reactor-http-kqueue-2] io.netty.buffer.PoolThreadCache          : Freed 7 thread-local buffer(s) from thread: reactor-http-kqueue-2
2024-06-07T17:48:06.365+09:00  INFO 15154 --- [restartedMain] c.d.d.api.DhflourDemo1Application        : Starting DhflourDemo1Application using Java 17.0.10 with PID 15154 (/Users/chonglye/Documents/Works/projects/dhflour-study-2024-back/api/build/classes/java/main started by chonglye in /Users/chonglye/Documents/Works/projects/dhflour-study-2024-back/api)
2024-06-07T17:48:06.370+09:00 DEBUG 15154 --- [restartedMain] c.d.d.api.DhflourDemo1Application        : Running with Spring Boot v3.2.4, Spring v6.1.5
2024-06-07T17:48:06.370+09:00  INFO 15154 --- [restartedMain] c.d.d.api.DhflourDemo1Application        : The following 2 profiles are active: "core", "local"
2024-06-07T17:48:06.390+09:00  INFO 15154 --- [restartedMain] .e.DevToolsPropertyDefaultsPostProcessor : Devtools property defaults active! Set 'spring.devtools.add-properties' to 'false' to disable
2024-06-07T17:48:06.390+09:00  INFO 15154 --- [restartedMain] .e.DevToolsPropertyDefaultsPostProcessor : For additional web related logging consider setting the 'logging.level.web' property to 'DEBUG'
2024-06-07T17:48:06.779+09:00  INFO 15154 --- [restartedMain] .s.d.r.c.RepositoryConfigurationDelegate : Bootstrapping Spring Data R2DBC repositories in DEFAULT mode.
2024-06-07T17:48:06.785+09:00  INFO 15154 --- [restartedMain] .s.d.r.c.RepositoryConfigurationDelegate : Finished Spring Data repository scanning in 3 ms. Found 0 R2DBC repository interfaces.
2024-06-07T17:48:06.958+09:00  INFO 15154 --- [restartedMain] .s.d.r.c.RepositoryConfigurationDelegate : Bootstrapping Spring Data R2DBC repositories in DEFAULT mode.
2024-06-07T17:48:07.055+09:00  INFO 15154 --- [restartedMain] .s.d.r.c.RepositoryConfigurationDelegate : Finished Spring Data repository scanning in 96 ms. Found 1 R2DBC repository interface.
2024-06-07T17:48:07.197+09:00 DEBUG 15154 --- [restartedMain] i.n.u.i.logging.InternalLoggerFactory    : Using SLF4J as the default logging framework
2024-06-07T17:48:07.198+09:00 DEBUG 15154 --- [restartedMain] i.n.util.internal.PlatformDependent0     : -Dio.netty.noUnsafe: false
2024-06-07T17:48:07.199+09:00 DEBUG 15154 --- [restartedMain] i.n.util.internal.PlatformDependent0     : Java version: 17
2024-06-07T17:48:07.199+09:00 DEBUG 15154 --- [restartedMain] i.n.util.internal.PlatformDependent0     : sun.misc.Unsafe.theUnsafe: available
2024-06-07T17:48:07.199+09:00 DEBUG 15154 --- [restartedMain] i.n.util.internal.PlatformDependent0     : sun.misc.Unsafe.copyMemory: available
2024-06-07T17:48:07.199+09:00 DEBUG 15154 --- [restartedMain] i.n.util.internal.PlatformDependent0     : sun.misc.Unsafe.storeFence: available
2024-06-07T17:48:07.200+09:00 DEBUG 15154 --- [restartedMain] i.n.util.internal.PlatformDependent0     : java.nio.Buffer.address: available
2024-06-07T17:48:07.200+09:00 DEBUG 15154 --- [restartedMain] i.n.util.internal.PlatformDependent0     : direct buffer constructor: unavailable: Reflective setAccessible(true) disabled
2024-06-07T17:48:07.200+09:00 DEBUG 15154 --- [restartedMain] i.n.util.internal.PlatformDependent0     : java.nio.Bits.unaligned: available, true
2024-06-07T17:48:07.201+09:00 DEBUG 15154 --- [restartedMain] i.n.util.internal.PlatformDependent0     : jdk.internal.misc.Unsafe.allocateUninitializedArray(int): unavailable: class io.netty.util.internal.PlatformDependent0$7 cannot access class jdk.internal.misc.Unsafe (in module java.base) because module java.base does not export jdk.internal.misc to unnamed module @4554de02
2024-06-07T17:48:07.201+09:00 DEBUG 15154 --- [restartedMain] i.n.util.internal.PlatformDependent0     : java.nio.DirectByteBuffer.<init>(long, {int,long}): unavailable
2024-06-07T17:48:07.201+09:00 DEBUG 15154 --- [restartedMain] i.netty.util.internal.PlatformDependent  : sun.misc.Unsafe: available
2024-06-07T17:48:07.201+09:00 DEBUG 15154 --- [restartedMain] i.netty.util.internal.PlatformDependent  : -Dio.netty.tmpdir: /var/folders/jp/x46wkg_s2kn97yc840thd_ph0000gn/T (java.io.tmpdir)
2024-06-07T17:48:07.201+09:00 DEBUG 15154 --- [restartedMain] i.netty.util.internal.PlatformDependent  : -Dio.netty.bitMode: 64 (sun.arch.data.model)
2024-06-07T17:48:07.202+09:00 DEBUG 15154 --- [restartedMain] i.netty.util.internal.PlatformDependent  : Platform: MacOS
2024-06-07T17:48:07.202+09:00 DEBUG 15154 --- [restartedMain] i.netty.util.internal.PlatformDependent  : -Dio.netty.maxDirectMemory: -1 bytes
2024-06-07T17:48:07.202+09:00 DEBUG 15154 --- [restartedMain] i.netty.util.internal.PlatformDependent  : -Dio.netty.uninitializedArrayAllocationThreshold: -1
2024-06-07T17:48:07.203+09:00 DEBUG 15154 --- [restartedMain] io.netty.util.internal.CleanerJava9      : java.nio.ByteBuffer.cleaner(): available
2024-06-07T17:48:07.203+09:00 DEBUG 15154 --- [restartedMain] i.netty.util.internal.PlatformDependent  : -Dio.netty.noPreferDirect: false
2024-06-07T17:48:07.260+09:00 DEBUG 15154 --- [restartedMain] i.n.u.internal.InternalThreadLocalMap    : -Dio.netty.threadLocalMap.stringBuilder.initialSize: 1024
2024-06-07T17:48:07.261+09:00 DEBUG 15154 --- [restartedMain] i.n.u.internal.InternalThreadLocalMap    : -Dio.netty.threadLocalMap.stringBuilder.maxSize: 4096
2024-06-07T17:48:07.281+09:00 DEBUG 15154 --- [restartedMain] io.netty.util.ResourceLeakDetector       : -Dio.netty.leakDetection.level: simple
2024-06-07T17:48:07.282+09:00 DEBUG 15154 --- [restartedMain] io.netty.util.ResourceLeakDetector       : -Dio.netty.leakDetection.targetRecords: 4
2024-06-07T17:48:07.360+09:00 DEBUG 15154 --- [restartedMain] i.n.util.concurrent.GlobalEventExecutor  : -Dio.netty.globalEventExecutor.quietPeriodSeconds: 1
2024-06-07T17:48:07.414+09:00 DEBUG 15154 --- [restartedMain] c.d.d.c.s.jwt.JWTSymmetricServiceImpl    : Algorithm set to: HS256
2024-06-07T17:48:07.628+09:00 DEBUG 15154 --- [restartedMain] c.d.d.c.s.jwt.JWTAsymmetricServiceImpl   : Algorithm set to: RS256, Key size set to: 2048
2024-06-07T17:48:07.762+09:00  INFO 15154 --- [restartedMain] o.s.b.a.e.web.EndpointLinksResolver      : Exposing 3 endpoint(s) beneath base path '/actuator'
2024-06-07T17:48:07.824+09:00 DEBUG 15154 --- [restartedMain] c.d.dhflourdemo1.api.config.R2dbcConfig  : r2dbcTransactionManager
2024-06-07T17:48:07.983+09:00  WARN 15154 --- [restartedMain] o.s.b.d.a.OptionalLiveReloadServer       : Unable to start LiveReload server
2024-06-07T17:48:08.021+09:00 DEBUG 15154 --- [restartedMain] i.n.util.internal.NativeLibraryLoader    : -Dio.netty.native.workdir: /var/folders/jp/x46wkg_s2kn97yc840thd_ph0000gn/T (io.netty.tmpdir)
2024-06-07T17:48:08.021+09:00 DEBUG 15154 --- [restartedMain] i.n.util.internal.NativeLibraryLoader    : -Dio.netty.native.deleteLibAfterLoading: true
2024-06-07T17:48:08.021+09:00 DEBUG 15154 --- [restartedMain] i.n.util.internal.NativeLibraryLoader    : -Dio.netty.native.tryPatchShadedId: true
2024-06-07T17:48:08.021+09:00 DEBUG 15154 --- [restartedMain] i.n.util.internal.NativeLibraryLoader    : -Dio.netty.native.detectNativeLibraryDuplicates: true
2024-06-07T17:48:08.164+09:00 DEBUG 15154 --- [restartedMain] i.n.util.internal.NativeLibraryLoader    : Successfully loaded the library /var/folders/jp/x46wkg_s2kn97yc840thd_ph0000gn/T/libnetty_transport_native_kqueue_aarch_642856025331663805706.dylib
2024-06-07T17:48:08.167+09:00 DEBUG 15154 --- [restartedMain] io.netty.util.NetUtil                    : -Djava.net.preferIPv4Stack: false
2024-06-07T17:48:08.167+09:00 DEBUG 15154 --- [restartedMain] io.netty.util.NetUtil                    : -Djava.net.preferIPv6Addresses: false
2024-06-07T17:48:08.170+09:00 DEBUG 15154 --- [restartedMain] io.netty.util.NetUtilInitializations     : Loopback interface: lo0 (lo0, 0:0:0:0:0:0:0:1%lo0)
2024-06-07T17:48:08.170+09:00 DEBUG 15154 --- [restartedMain] io.netty.util.NetUtil                    : Failed to get SOMAXCONN from sysctl and file /proc/sys/net/core/somaxconn. Default: 128
2024-06-07T17:48:08.187+09:00 DEBUG 15154 --- [restartedMain] i.n.channel.MultithreadEventLoopGroup    : -Dio.netty.eventLoopThreads: 40
2024-06-07T17:48:08.199+09:00 DEBUG 15154 --- [restartedMain] i.netty.util.internal.PlatformDependent  : org.jctools-core.MpscChunkedArrayQueue: available
2024-06-07T17:48:08.202+09:00 DEBUG 15154 --- [restartedMain] io.netty.buffer.AbstractByteBuf          : -Dio.netty.buffer.checkAccessible: true
2024-06-07T17:48:08.202+09:00 DEBUG 15154 --- [restartedMain] io.netty.buffer.AbstractByteBuf          : -Dio.netty.buffer.checkBounds: true
2024-06-07T17:48:08.202+09:00 DEBUG 15154 --- [restartedMain] i.n.util.ResourceLeakDetectorFactory     : Loaded default ResourceLeakDetector: io.netty.util.ResourceLeakDetector@3f31c92a
2024-06-07T17:48:08.229+09:00 DEBUG 15154 --- [restartedMain] io.netty.channel.DefaultChannelId        : -Dio.netty.processId: 15154 (auto-detected)
2024-06-07T17:48:08.231+09:00 DEBUG 15154 --- [restartedMain] io.netty.channel.DefaultChannelId        : -Dio.netty.machineId: 9c:76:0e:ff:fe:82:c4:a0 (auto-detected)
2024-06-07T17:48:08.260+09:00 DEBUG 15154 --- [restartedMain] io.netty.buffer.PooledByteBufAllocator   : -Dio.netty.allocator.numHeapArenas: 40
2024-06-07T17:48:08.260+09:00 DEBUG 15154 --- [restartedMain] io.netty.buffer.PooledByteBufAllocator   : -Dio.netty.allocator.numDirectArenas: 40
2024-06-07T17:48:08.260+09:00 DEBUG 15154 --- [restartedMain] io.netty.buffer.PooledByteBufAllocator   : -Dio.netty.allocator.pageSize: 8192
2024-06-07T17:48:08.260+09:00 DEBUG 15154 --- [restartedMain] io.netty.buffer.PooledByteBufAllocator   : -Dio.netty.allocator.maxOrder: 9
2024-06-07T17:48:08.260+09:00 DEBUG 15154 --- [restartedMain] io.netty.buffer.PooledByteBufAllocator   : -Dio.netty.allocator.chunkSize: 4194304
2024-06-07T17:48:08.260+09:00 DEBUG 15154 --- [restartedMain] io.netty.buffer.PooledByteBufAllocator   : -Dio.netty.allocator.smallCacheSize: 256
2024-06-07T17:48:08.260+09:00 DEBUG 15154 --- [restartedMain] io.netty.buffer.PooledByteBufAllocator   : -Dio.netty.allocator.normalCacheSize: 64
2024-06-07T17:48:08.260+09:00 DEBUG 15154 --- [restartedMain] io.netty.buffer.PooledByteBufAllocator   : -Dio.netty.allocator.maxCachedBufferCapacity: 32768
2024-06-07T17:48:08.260+09:00 DEBUG 15154 --- [restartedMain] io.netty.buffer.PooledByteBufAllocator   : -Dio.netty.allocator.cacheTrimInterval: 8192
2024-06-07T17:48:08.260+09:00 DEBUG 15154 --- [restartedMain] io.netty.buffer.PooledByteBufAllocator   : -Dio.netty.allocator.cacheTrimIntervalMillis: 0
2024-06-07T17:48:08.260+09:00 DEBUG 15154 --- [restartedMain] io.netty.buffer.PooledByteBufAllocator   : -Dio.netty.allocator.useCacheForAllThreads: false
2024-06-07T17:48:08.261+09:00 DEBUG 15154 --- [restartedMain] io.netty.buffer.PooledByteBufAllocator   : -Dio.netty.allocator.maxCachedByteBuffersPerChunk: 1023
2024-06-07T17:48:08.267+09:00 DEBUG 15154 --- [restartedMain] io.netty.buffer.ByteBufUtil              : -Dio.netty.allocator.type: pooled
2024-06-07T17:48:08.267+09:00 DEBUG 15154 --- [restartedMain] io.netty.buffer.ByteBufUtil              : -Dio.netty.threadLocalDirectBufferSize: 0
2024-06-07T17:48:08.268+09:00 DEBUG 15154 --- [restartedMain] io.netty.buffer.ByteBufUtil              : -Dio.netty.maxThreadLocalCharBufferSize: 16384
2024-06-07T17:48:08.290+09:00  INFO 15154 --- [restartedMain] o.s.b.web.embedded.netty.NettyWebServer  : Netty started on port 8080
2024-06-07T17:48:08.301+09:00  INFO 15154 --- [restartedMain] c.d.d.api.DhflourDemo1Application        : Started DhflourDemo1Application in 2.172 seconds (process running for 3.313)
2024-06-07T17:48:11.282+09:00 DEBUG 15154 --- [reactor-http-kqueue-2] io.netty.util.Recycler                   : -Dio.netty.recycler.maxCapacityPerThread: 4096
2024-06-07T17:48:11.282+09:00 DEBUG 15154 --- [reactor-http-kqueue-2] io.netty.util.Recycler                   : -Dio.netty.recycler.ratio: 8
2024-06-07T17:48:11.282+09:00 DEBUG 15154 --- [reactor-http-kqueue-2] io.netty.util.Recycler                   : -Dio.netty.recycler.chunkSize: 32
2024-06-07T17:48:11.282+09:00 DEBUG 15154 --- [reactor-http-kqueue-2] io.netty.util.Recycler                   : -Dio.netty.recycler.blocking: false
2024-06-07T17:48:11.282+09:00 DEBUG 15154 --- [reactor-http-kqueue-2] io.netty.util.Recycler                   : -Dio.netty.recycler.batchFastThreadLocalOnly: true
2024-06-07T17:48:46.553+09:00 DEBUG 15154 --- [reactor-http-kqueue-2] io.netty.buffer.PoolThreadCache          : Freed 5 thread-local buffer(s) from thread: reactor-http-kqueue-2
2024-06-07T17:48:48.534+09:00  INFO 15207 --- [restartedMain] c.d.d.api.DhflourDemo1Application        : Starting DhflourDemo1Application using Java 17.0.10 with PID 15207 (/Users/chonglye/Documents/Works/projects/dhflour-study-2024-back/api/build/classes/java/main started by chonglye in /Users/chonglye/Documents/Works/projects/dhflour-study-2024-back/api)
2024-06-07T17:48:48.538+09:00 DEBUG 15207 --- [restartedMain] c.d.d.api.DhflourDemo1Application        : Running with Spring Boot v3.2.4, Spring v6.1.5
2024-06-07T17:48:48.539+09:00  INFO 15207 --- [restartedMain] c.d.d.api.DhflourDemo1Application        : The following 2 profiles are active: "core", "local"
2024-06-07T17:48:48.557+09:00  INFO 15207 --- [restartedMain] .e.DevToolsPropertyDefaultsPostProcessor : Devtools property defaults active! Set 'spring.devtools.add-properties' to 'false' to disable
2024-06-07T17:48:48.558+09:00  INFO 15207 --- [restartedMain] .e.DevToolsPropertyDefaultsPostProcessor : For additional web related logging consider setting the 'logging.level.web' property to 'DEBUG'
2024-06-07T17:48:48.939+09:00  INFO 15207 --- [restartedMain] .s.d.r.c.RepositoryConfigurationDelegate : Bootstrapping Spring Data R2DBC repositories in DEFAULT mode.
2024-06-07T17:48:48.945+09:00  INFO 15207 --- [restartedMain] .s.d.r.c.RepositoryConfigurationDelegate : Finished Spring Data repository scanning in 3 ms. Found 0 R2DBC repository interfaces.
2024-06-07T17:48:49.113+09:00  INFO 15207 --- [restartedMain] .s.d.r.c.RepositoryConfigurationDelegate : Bootstrapping Spring Data R2DBC repositories in DEFAULT mode.
2024-06-07T17:48:49.212+09:00  INFO 15207 --- [restartedMain] .s.d.r.c.RepositoryConfigurationDelegate : Finished Spring Data repository scanning in 98 ms. Found 1 R2DBC repository interface.
2024-06-07T17:48:49.365+09:00 DEBUG 15207 --- [restartedMain] i.n.u.i.logging.InternalLoggerFactory    : Using SLF4J as the default logging framework
2024-06-07T17:48:49.366+09:00 DEBUG 15207 --- [restartedMain] i.n.util.internal.PlatformDependent0     : -Dio.netty.noUnsafe: false
2024-06-07T17:48:49.366+09:00 DEBUG 15207 --- [restartedMain] i.n.util.internal.PlatformDependent0     : Java version: 17
2024-06-07T17:48:49.367+09:00 DEBUG 15207 --- [restartedMain] i.n.util.internal.PlatformDependent0     : sun.misc.Unsafe.theUnsafe: available
2024-06-07T17:48:49.367+09:00 DEBUG 15207 --- [restartedMain] i.n.util.internal.PlatformDependent0     : sun.misc.Unsafe.copyMemory: available
2024-06-07T17:48:49.367+09:00 DEBUG 15207 --- [restartedMain] i.n.util.internal.PlatformDependent0     : sun.misc.Unsafe.storeFence: available
2024-06-07T17:48:49.368+09:00 DEBUG 15207 --- [restartedMain] i.n.util.internal.PlatformDependent0     : java.nio.Buffer.address: available
2024-06-07T17:48:49.368+09:00 DEBUG 15207 --- [restartedMain] i.n.util.internal.PlatformDependent0     : direct buffer constructor: unavailable: Reflective setAccessible(true) disabled
2024-06-07T17:48:49.368+09:00 DEBUG 15207 --- [restartedMain] i.n.util.internal.PlatformDependent0     : java.nio.Bits.unaligned: available, true
2024-06-07T17:48:49.369+09:00 DEBUG 15207 --- [restartedMain] i.n.util.internal.PlatformDependent0     : jdk.internal.misc.Unsafe.allocateUninitializedArray(int): unavailable: class io.netty.util.internal.PlatformDependent0$7 cannot access class jdk.internal.misc.Unsafe (in module java.base) because module java.base does not export jdk.internal.misc to unnamed module @4554de02
2024-06-07T17:48:49.369+09:00 DEBUG 15207 --- [restartedMain] i.n.util.internal.PlatformDependent0     : java.nio.DirectByteBuffer.<init>(long, {int,long}): unavailable
2024-06-07T17:48:49.369+09:00 DEBUG 15207 --- [restartedMain] i.netty.util.internal.PlatformDependent  : sun.misc.Unsafe: available
2024-06-07T17:48:49.369+09:00 DEBUG 15207 --- [restartedMain] i.netty.util.internal.PlatformDependent  : -Dio.netty.tmpdir: /var/folders/jp/x46wkg_s2kn97yc840thd_ph0000gn/T (java.io.tmpdir)
2024-06-07T17:48:49.369+09:00 DEBUG 15207 --- [restartedMain] i.netty.util.internal.PlatformDependent  : -Dio.netty.bitMode: 64 (sun.arch.data.model)
2024-06-07T17:48:49.370+09:00 DEBUG 15207 --- [restartedMain] i.netty.util.internal.PlatformDependent  : Platform: MacOS
2024-06-07T17:48:49.370+09:00 DEBUG 15207 --- [restartedMain] i.netty.util.internal.PlatformDependent  : -Dio.netty.maxDirectMemory: -1 bytes
2024-06-07T17:48:49.370+09:00 DEBUG 15207 --- [restartedMain] i.netty.util.internal.PlatformDependent  : -Dio.netty.uninitializedArrayAllocationThreshold: -1
2024-06-07T17:48:49.370+09:00 DEBUG 15207 --- [restartedMain] io.netty.util.internal.CleanerJava9      : java.nio.ByteBuffer.cleaner(): available
2024-06-07T17:48:49.371+09:00 DEBUG 15207 --- [restartedMain] i.netty.util.internal.PlatformDependent  : -Dio.netty.noPreferDirect: false
2024-06-07T17:48:49.427+09:00 DEBUG 15207 --- [restartedMain] i.n.u.internal.InternalThreadLocalMap    : -Dio.netty.threadLocalMap.stringBuilder.initialSize: 1024
2024-06-07T17:48:49.427+09:00 DEBUG 15207 --- [restartedMain] i.n.u.internal.InternalThreadLocalMap    : -Dio.netty.threadLocalMap.stringBuilder.maxSize: 4096
2024-06-07T17:48:49.446+09:00 DEBUG 15207 --- [restartedMain] io.netty.util.ResourceLeakDetector       : -Dio.netty.leakDetection.level: simple
2024-06-07T17:48:49.447+09:00 DEBUG 15207 --- [restartedMain] io.netty.util.ResourceLeakDetector       : -Dio.netty.leakDetection.targetRecords: 4
2024-06-07T17:48:49.525+09:00 DEBUG 15207 --- [restartedMain] i.n.util.concurrent.GlobalEventExecutor  : -Dio.netty.globalEventExecutor.quietPeriodSeconds: 1
2024-06-07T17:48:49.582+09:00 DEBUG 15207 --- [restartedMain] c.d.d.c.s.jwt.JWTSymmetricServiceImpl    : Algorithm set to: HS256
2024-06-07T17:48:49.789+09:00 DEBUG 15207 --- [restartedMain] c.d.d.c.s.jwt.JWTAsymmetricServiceImpl   : Algorithm set to: RS256, Key size set to: 2048
2024-06-07T17:48:49.921+09:00  INFO 15207 --- [restartedMain] o.s.b.a.e.web.EndpointLinksResolver      : Exposing 3 endpoint(s) beneath base path '/actuator'
2024-06-07T17:48:49.986+09:00 DEBUG 15207 --- [restartedMain] c.d.dhflourdemo1.api.config.R2dbcConfig  : r2dbcTransactionManager
2024-06-07T17:48:50.145+09:00  WARN 15207 --- [restartedMain] o.s.b.d.a.OptionalLiveReloadServer       : Unable to start LiveReload server
2024-06-07T17:48:50.180+09:00 DEBUG 15207 --- [restartedMain] i.n.util.internal.NativeLibraryLoader    : -Dio.netty.native.workdir: /var/folders/jp/x46wkg_s2kn97yc840thd_ph0000gn/T (io.netty.tmpdir)
2024-06-07T17:48:50.181+09:00 DEBUG 15207 --- [restartedMain] i.n.util.internal.NativeLibraryLoader    : -Dio.netty.native.deleteLibAfterLoading: true
2024-06-07T17:48:50.181+09:00 DEBUG 15207 --- [restartedMain] i.n.util.internal.NativeLibraryLoader    : -Dio.netty.native.tryPatchShadedId: true
2024-06-07T17:48:50.181+09:00 DEBUG 15207 --- [restartedMain] i.n.util.internal.NativeLibraryLoader    : -Dio.netty.native.detectNativeLibraryDuplicates: true
2024-06-07T17:48:50.306+09:00 DEBUG 15207 --- [restartedMain] i.n.util.internal.NativeLibraryLoader    : Successfully loaded the library /var/folders/jp/x46wkg_s2kn97yc840thd_ph0000gn/T/libnetty_transport_native_kqueue_aarch_645237606951994335494.dylib
2024-06-07T17:48:50.309+09:00 DEBUG 15207 --- [restartedMain] io.netty.util.NetUtil                    : -Djava.net.preferIPv4Stack: false
2024-06-07T17:48:50.309+09:00 DEBUG 15207 --- [restartedMain] io.netty.util.NetUtil                    : -Djava.net.preferIPv6Addresses: false
2024-06-07T17:48:50.312+09:00 DEBUG 15207 --- [restartedMain] io.netty.util.NetUtilInitializations     : Loopback interface: lo0 (lo0, 0:0:0:0:0:0:0:1%lo0)
2024-06-07T17:48:50.313+09:00 DEBUG 15207 --- [restartedMain] io.netty.util.NetUtil                    : Failed to get SOMAXCONN from sysctl and file /proc/sys/net/core/somaxconn. Default: 128
2024-06-07T17:48:50.329+09:00 DEBUG 15207 --- [restartedMain] i.n.channel.MultithreadEventLoopGroup    : -Dio.netty.eventLoopThreads: 40
2024-06-07T17:48:50.342+09:00 DEBUG 15207 --- [restartedMain] i.netty.util.internal.PlatformDependent  : org.jctools-core.MpscChunkedArrayQueue: available
2024-06-07T17:48:50.345+09:00 DEBUG 15207 --- [restartedMain] io.netty.buffer.AbstractByteBuf          : -Dio.netty.buffer.checkAccessible: true
2024-06-07T17:48:50.345+09:00 DEBUG 15207 --- [restartedMain] io.netty.buffer.AbstractByteBuf          : -Dio.netty.buffer.checkBounds: true
2024-06-07T17:48:50.345+09:00 DEBUG 15207 --- [restartedMain] i.n.util.ResourceLeakDetectorFactory     : Loaded default ResourceLeakDetector: io.netty.util.ResourceLeakDetector@1f238fb6
2024-06-07T17:48:50.370+09:00 DEBUG 15207 --- [restartedMain] io.netty.channel.DefaultChannelId        : -Dio.netty.processId: 15207 (auto-detected)
2024-06-07T17:48:50.371+09:00 DEBUG 15207 --- [restartedMain] io.netty.channel.DefaultChannelId        : -Dio.netty.machineId: 9c:76:0e:ff:fe:82:c4:a0 (auto-detected)
2024-06-07T17:48:50.404+09:00 DEBUG 15207 --- [restartedMain] io.netty.buffer.PooledByteBufAllocator   : -Dio.netty.allocator.numHeapArenas: 40
2024-06-07T17:48:50.404+09:00 DEBUG 15207 --- [restartedMain] io.netty.buffer.PooledByteBufAllocator   : -Dio.netty.allocator.numDirectArenas: 40
2024-06-07T17:48:50.404+09:00 DEBUG 15207 --- [restartedMain] io.netty.buffer.PooledByteBufAllocator   : -Dio.netty.allocator.pageSize: 8192
2024-06-07T17:48:50.404+09:00 DEBUG 15207 --- [restartedMain] io.netty.buffer.PooledByteBufAllocator   : -Dio.netty.allocator.maxOrder: 9
2024-06-07T17:48:50.404+09:00 DEBUG 15207 --- [restartedMain] io.netty.buffer.PooledByteBufAllocator   : -Dio.netty.allocator.chunkSize: 4194304
2024-06-07T17:48:50.405+09:00 DEBUG 15207 --- [restartedMain] io.netty.buffer.PooledByteBufAllocator   : -Dio.netty.allocator.smallCacheSize: 256
2024-06-07T17:48:50.405+09:00 DEBUG 15207 --- [restartedMain] io.netty.buffer.PooledByteBufAllocator   : -Dio.netty.allocator.normalCacheSize: 64
2024-06-07T17:48:50.405+09:00 DEBUG 15207 --- [restartedMain] io.netty.buffer.PooledByteBufAllocator   : -Dio.netty.allocator.maxCachedBufferCapacity: 32768
2024-06-07T17:48:50.405+09:00 DEBUG 15207 --- [restartedMain] io.netty.buffer.PooledByteBufAllocator   : -Dio.netty.allocator.cacheTrimInterval: 8192
2024-06-07T17:48:50.405+09:00 DEBUG 15207 --- [restartedMain] io.netty.buffer.PooledByteBufAllocator   : -Dio.netty.allocator.cacheTrimIntervalMillis: 0
2024-06-07T17:48:50.405+09:00 DEBUG 15207 --- [restartedMain] io.netty.buffer.PooledByteBufAllocator   : -Dio.netty.allocator.useCacheForAllThreads: false
2024-06-07T17:48:50.405+09:00 DEBUG 15207 --- [restartedMain] io.netty.buffer.PooledByteBufAllocator   : -Dio.netty.allocator.maxCachedByteBuffersPerChunk: 1023
2024-06-07T17:48:50.412+09:00 DEBUG 15207 --- [restartedMain] io.netty.buffer.ByteBufUtil              : -Dio.netty.allocator.type: pooled
2024-06-07T17:48:50.412+09:00 DEBUG 15207 --- [restartedMain] io.netty.buffer.ByteBufUtil              : -Dio.netty.threadLocalDirectBufferSize: 0
2024-06-07T17:48:50.412+09:00 DEBUG 15207 --- [restartedMain] io.netty.buffer.ByteBufUtil              : -Dio.netty.maxThreadLocalCharBufferSize: 16384
2024-06-07T17:48:50.433+09:00  INFO 15207 --- [restartedMain] o.s.b.web.embedded.netty.NettyWebServer  : Netty started on port 8080
2024-06-07T17:48:50.444+09:00  INFO 15207 --- [restartedMain] c.d.d.api.DhflourDemo1Application        : Started DhflourDemo1Application in 2.148 seconds (process running for 3.245)
2024-06-07T17:48:56.273+09:00 DEBUG 15207 --- [reactor-http-kqueue-2] io.netty.util.Recycler                   : -Dio.netty.recycler.maxCapacityPerThread: 4096
2024-06-07T17:48:56.274+09:00 DEBUG 15207 --- [reactor-http-kqueue-2] io.netty.util.Recycler                   : -Dio.netty.recycler.ratio: 8
2024-06-07T17:48:56.274+09:00 DEBUG 15207 --- [reactor-http-kqueue-2] io.netty.util.Recycler                   : -Dio.netty.recycler.chunkSize: 32
2024-06-07T17:48:56.274+09:00 DEBUG 15207 --- [reactor-http-kqueue-2] io.netty.util.Recycler                   : -Dio.netty.recycler.blocking: false
2024-06-07T17:48:56.274+09:00 DEBUG 15207 --- [reactor-http-kqueue-2] io.netty.util.Recycler                   : -Dio.netty.recycler.batchFastThreadLocalOnly: true
2024-06-07T17:49:35.394+09:00 DEBUG 15207 --- [reactor-http-kqueue-2] io.netty.buffer.PoolThreadCache          : Freed 5 thread-local buffer(s) from thread: reactor-http-kqueue-2
2024-06-07T17:49:37.200+09:00  INFO 15278 --- [restartedMain] c.d.d.api.DhflourDemo1Application        : Starting DhflourDemo1Application using Java 17.0.10 with PID 15278 (/Users/chonglye/Documents/Works/projects/dhflour-study-2024-back/api/build/classes/java/main started by chonglye in /Users/chonglye/Documents/Works/projects/dhflour-study-2024-back/api)
2024-06-07T17:49:37.204+09:00 DEBUG 15278 --- [restartedMain] c.d.d.api.DhflourDemo1Application        : Running with Spring Boot v3.2.4, Spring v6.1.5
2024-06-07T17:49:37.205+09:00  INFO 15278 --- [restartedMain] c.d.d.api.DhflourDemo1Application        : The following 2 profiles are active: "core", "local"
2024-06-07T17:49:37.224+09:00  INFO 15278 --- [restartedMain] .e.DevToolsPropertyDefaultsPostProcessor : Devtools property defaults active! Set 'spring.devtools.add-properties' to 'false' to disable
2024-06-07T17:49:37.224+09:00  INFO 15278 --- [restartedMain] .e.DevToolsPropertyDefaultsPostProcessor : For additional web related logging consider setting the 'logging.level.web' property to 'DEBUG'
2024-06-07T17:49:37.637+09:00  INFO 15278 --- [restartedMain] .s.d.r.c.RepositoryConfigurationDelegate : Bootstrapping Spring Data R2DBC repositories in DEFAULT mode.
2024-06-07T17:49:37.643+09:00  INFO 15278 --- [restartedMain] .s.d.r.c.RepositoryConfigurationDelegate : Finished Spring Data repository scanning in 3 ms. Found 0 R2DBC repository interfaces.
2024-06-07T17:49:37.815+09:00  INFO 15278 --- [restartedMain] .s.d.r.c.RepositoryConfigurationDelegate : Bootstrapping Spring Data R2DBC repositories in DEFAULT mode.
2024-06-07T17:49:37.912+09:00  INFO 15278 --- [restartedMain] .s.d.r.c.RepositoryConfigurationDelegate : Finished Spring Data repository scanning in 96 ms. Found 1 R2DBC repository interface.
2024-06-07T17:49:38.057+09:00 DEBUG 15278 --- [restartedMain] i.n.u.i.logging.InternalLoggerFactory    : Using SLF4J as the default logging framework
2024-06-07T17:49:38.059+09:00 DEBUG 15278 --- [restartedMain] i.n.util.internal.PlatformDependent0     : -Dio.netty.noUnsafe: false
2024-06-07T17:49:38.059+09:00 DEBUG 15278 --- [restartedMain] i.n.util.internal.PlatformDependent0     : Java version: 17
2024-06-07T17:49:38.059+09:00 DEBUG 15278 --- [restartedMain] i.n.util.internal.PlatformDependent0     : sun.misc.Unsafe.theUnsafe: available
2024-06-07T17:49:38.060+09:00 DEBUG 15278 --- [restartedMain] i.n.util.internal.PlatformDependent0     : sun.misc.Unsafe.copyMemory: available
2024-06-07T17:49:38.060+09:00 DEBUG 15278 --- [restartedMain] i.n.util.internal.PlatformDependent0     : sun.misc.Unsafe.storeFence: available
2024-06-07T17:49:38.060+09:00 DEBUG 15278 --- [restartedMain] i.n.util.internal.PlatformDependent0     : java.nio.Buffer.address: available
2024-06-07T17:49:38.060+09:00 DEBUG 15278 --- [restartedMain] i.n.util.internal.PlatformDependent0     : direct buffer constructor: unavailable: Reflective setAccessible(true) disabled
2024-06-07T17:49:38.061+09:00 DEBUG 15278 --- [restartedMain] i.n.util.internal.PlatformDependent0     : java.nio.Bits.unaligned: available, true
2024-06-07T17:49:38.061+09:00 DEBUG 15278 --- [restartedMain] i.n.util.internal.PlatformDependent0     : jdk.internal.misc.Unsafe.allocateUninitializedArray(int): unavailable: class io.netty.util.internal.PlatformDependent0$7 cannot access class jdk.internal.misc.Unsafe (in module java.base) because module java.base does not export jdk.internal.misc to unnamed module @4554de02
2024-06-07T17:49:38.062+09:00 DEBUG 15278 --- [restartedMain] i.n.util.internal.PlatformDependent0     : java.nio.DirectByteBuffer.<init>(long, {int,long}): unavailable
2024-06-07T17:49:38.062+09:00 DEBUG 15278 --- [restartedMain] i.netty.util.internal.PlatformDependent  : sun.misc.Unsafe: available
2024-06-07T17:49:38.062+09:00 DEBUG 15278 --- [restartedMain] i.netty.util.internal.PlatformDependent  : -Dio.netty.tmpdir: /var/folders/jp/x46wkg_s2kn97yc840thd_ph0000gn/T (java.io.tmpdir)
2024-06-07T17:49:38.062+09:00 DEBUG 15278 --- [restartedMain] i.netty.util.internal.PlatformDependent  : -Dio.netty.bitMode: 64 (sun.arch.data.model)
2024-06-07T17:49:38.062+09:00 DEBUG 15278 --- [restartedMain] i.netty.util.internal.PlatformDependent  : Platform: MacOS
2024-06-07T17:49:38.063+09:00 DEBUG 15278 --- [restartedMain] i.netty.util.internal.PlatformDependent  : -Dio.netty.maxDirectMemory: -1 bytes
2024-06-07T17:49:38.063+09:00 DEBUG 15278 --- [restartedMain] i.netty.util.internal.PlatformDependent  : -Dio.netty.uninitializedArrayAllocationThreshold: -1
2024-06-07T17:49:38.063+09:00 DEBUG 15278 --- [restartedMain] io.netty.util.internal.CleanerJava9      : java.nio.ByteBuffer.cleaner(): available
2024-06-07T17:49:38.063+09:00 DEBUG 15278 --- [restartedMain] i.netty.util.internal.PlatformDependent  : -Dio.netty.noPreferDirect: false
2024-06-07T17:49:38.123+09:00 DEBUG 15278 --- [restartedMain] i.n.u.internal.InternalThreadLocalMap    : -Dio.netty.threadLocalMap.stringBuilder.initialSize: 1024
2024-06-07T17:49:38.124+09:00 DEBUG 15278 --- [restartedMain] i.n.u.internal.InternalThreadLocalMap    : -Dio.netty.threadLocalMap.stringBuilder.maxSize: 4096
2024-06-07T17:49:38.145+09:00 DEBUG 15278 --- [restartedMain] io.netty.util.ResourceLeakDetector       : -Dio.netty.leakDetection.level: simple
2024-06-07T17:49:38.145+09:00 DEBUG 15278 --- [restartedMain] io.netty.util.ResourceLeakDetector       : -Dio.netty.leakDetection.targetRecords: 4
2024-06-07T17:49:38.220+09:00 DEBUG 15278 --- [restartedMain] i.n.util.concurrent.GlobalEventExecutor  : -Dio.netty.globalEventExecutor.quietPeriodSeconds: 1
2024-06-07T17:49:38.275+09:00 DEBUG 15278 --- [restartedMain] c.d.d.c.s.jwt.JWTSymmetricServiceImpl    : Algorithm set to: HS256
2024-06-07T17:49:38.484+09:00 DEBUG 15278 --- [restartedMain] c.d.d.c.s.jwt.JWTAsymmetricServiceImpl   : Algorithm set to: RS256, Key size set to: 2048
2024-06-07T17:49:38.617+09:00  INFO 15278 --- [restartedMain] o.s.b.a.e.web.EndpointLinksResolver      : Exposing 3 endpoint(s) beneath base path '/actuator'
2024-06-07T17:49:38.683+09:00 DEBUG 15278 --- [restartedMain] c.d.dhflourdemo1.api.config.R2dbcConfig  : r2dbcTransactionManager
2024-06-07T17:49:38.843+09:00  WARN 15278 --- [restartedMain] o.s.b.d.a.OptionalLiveReloadServer       : Unable to start LiveReload server
2024-06-07T17:49:38.877+09:00 DEBUG 15278 --- [restartedMain] i.n.util.internal.NativeLibraryLoader    : -Dio.netty.native.workdir: /var/folders/jp/x46wkg_s2kn97yc840thd_ph0000gn/T (io.netty.tmpdir)
2024-06-07T17:49:38.877+09:00 DEBUG 15278 --- [restartedMain] i.n.util.internal.NativeLibraryLoader    : -Dio.netty.native.deleteLibAfterLoading: true
2024-06-07T17:49:38.877+09:00 DEBUG 15278 --- [restartedMain] i.n.util.internal.NativeLibraryLoader    : -Dio.netty.native.tryPatchShadedId: true
2024-06-07T17:49:38.877+09:00 DEBUG 15278 --- [restartedMain] i.n.util.internal.NativeLibraryLoader    : -Dio.netty.native.detectNativeLibraryDuplicates: true
2024-06-07T17:49:39.005+09:00 DEBUG 15278 --- [restartedMain] i.n.util.internal.NativeLibraryLoader    : Successfully loaded the library /var/folders/jp/x46wkg_s2kn97yc840thd_ph0000gn/T/libnetty_transport_native_kqueue_aarch_6413632178428733677728.dylib
2024-06-07T17:49:39.008+09:00 DEBUG 15278 --- [restartedMain] io.netty.util.NetUtil                    : -Djava.net.preferIPv4Stack: false
2024-06-07T17:49:39.008+09:00 DEBUG 15278 --- [restartedMain] io.netty.util.NetUtil                    : -Djava.net.preferIPv6Addresses: false
2024-06-07T17:49:39.012+09:00 DEBUG 15278 --- [restartedMain] io.netty.util.NetUtilInitializations     : Loopback interface: lo0 (lo0, 0:0:0:0:0:0:0:1%lo0)
2024-06-07T17:49:39.012+09:00 DEBUG 15278 --- [restartedMain] io.netty.util.NetUtil                    : Failed to get SOMAXCONN from sysctl and file /proc/sys/net/core/somaxconn. Default: 128
2024-06-07T17:49:39.028+09:00 DEBUG 15278 --- [restartedMain] i.n.channel.MultithreadEventLoopGroup    : -Dio.netty.eventLoopThreads: 40
2024-06-07T17:49:39.041+09:00 DEBUG 15278 --- [restartedMain] i.netty.util.internal.PlatformDependent  : org.jctools-core.MpscChunkedArrayQueue: available
2024-06-07T17:49:39.044+09:00 DEBUG 15278 --- [restartedMain] io.netty.buffer.AbstractByteBuf          : -Dio.netty.buffer.checkAccessible: true
2024-06-07T17:49:39.044+09:00 DEBUG 15278 --- [restartedMain] io.netty.buffer.AbstractByteBuf          : -Dio.netty.buffer.checkBounds: true
2024-06-07T17:49:39.045+09:00 DEBUG 15278 --- [restartedMain] i.n.util.ResourceLeakDetectorFactory     : Loaded default ResourceLeakDetector: io.netty.util.ResourceLeakDetector@1922269b
2024-06-07T17:49:39.070+09:00 DEBUG 15278 --- [restartedMain] io.netty.channel.DefaultChannelId        : -Dio.netty.processId: 15278 (auto-detected)
2024-06-07T17:49:39.072+09:00 DEBUG 15278 --- [restartedMain] io.netty.channel.DefaultChannelId        : -Dio.netty.machineId: 9c:76:0e:ff:fe:82:c4:a0 (auto-detected)
2024-06-07T17:49:39.103+09:00 DEBUG 15278 --- [restartedMain] io.netty.buffer.PooledByteBufAllocator   : -Dio.netty.allocator.numHeapArenas: 40
2024-06-07T17:49:39.103+09:00 DEBUG 15278 --- [restartedMain] io.netty.buffer.PooledByteBufAllocator   : -Dio.netty.allocator.numDirectArenas: 40
2024-06-07T17:49:39.103+09:00 DEBUG 15278 --- [restartedMain] io.netty.buffer.PooledByteBufAllocator   : -Dio.netty.allocator.pageSize: 8192
2024-06-07T17:49:39.103+09:00 DEBUG 15278 --- [restartedMain] io.netty.buffer.PooledByteBufAllocator   : -Dio.netty.allocator.maxOrder: 9
2024-06-07T17:49:39.103+09:00 DEBUG 15278 --- [restartedMain] io.netty.buffer.PooledByteBufAllocator   : -Dio.netty.allocator.chunkSize: 4194304
2024-06-07T17:49:39.103+09:00 DEBUG 15278 --- [restartedMain] io.netty.buffer.PooledByteBufAllocator   : -Dio.netty.allocator.smallCacheSize: 256
2024-06-07T17:49:39.103+09:00 DEBUG 15278 --- [restartedMain] io.netty.buffer.PooledByteBufAllocator   : -Dio.netty.allocator.normalCacheSize: 64
2024-06-07T17:49:39.103+09:00 DEBUG 15278 --- [restartedMain] io.netty.buffer.PooledByteBufAllocator   : -Dio.netty.allocator.maxCachedBufferCapacity: 32768
2024-06-07T17:49:39.104+09:00 DEBUG 15278 --- [restartedMain] io.netty.buffer.PooledByteBufAllocator   : -Dio.netty.allocator.cacheTrimInterval: 8192
2024-06-07T17:49:39.104+09:00 DEBUG 15278 --- [restartedMain] io.netty.buffer.PooledByteBufAllocator   : -Dio.netty.allocator.cacheTrimIntervalMillis: 0
2024-06-07T17:49:39.104+09:00 DEBUG 15278 --- [restartedMain] io.netty.buffer.PooledByteBufAllocator   : -Dio.netty.allocator.useCacheForAllThreads: false
2024-06-07T17:49:39.104+09:00 DEBUG 15278 --- [restartedMain] io.netty.buffer.PooledByteBufAllocator   : -Dio.netty.allocator.maxCachedByteBuffersPerChunk: 1023
2024-06-07T17:49:39.110+09:00 DEBUG 15278 --- [restartedMain] io.netty.buffer.ByteBufUtil              : -Dio.netty.allocator.type: pooled
2024-06-07T17:49:39.110+09:00 DEBUG 15278 --- [restartedMain] io.netty.buffer.ByteBufUtil              : -Dio.netty.threadLocalDirectBufferSize: 0
2024-06-07T17:49:39.110+09:00 DEBUG 15278 --- [restartedMain] io.netty.buffer.ByteBufUtil              : -Dio.netty.maxThreadLocalCharBufferSize: 16384
2024-06-07T17:49:39.129+09:00  INFO 15278 --- [restartedMain] o.s.b.web.embedded.netty.NettyWebServer  : Netty started on port 8080
2024-06-07T17:49:39.140+09:00  INFO 15278 --- [restartedMain] c.d.d.api.DhflourDemo1Application        : Started DhflourDemo1Application in 2.183 seconds (process running for 3.265)
2024-06-07T17:49:41.258+09:00 DEBUG 15278 --- [reactor-http-kqueue-2] io.netty.util.Recycler                   : -Dio.netty.recycler.maxCapacityPerThread: 4096
2024-06-07T17:49:41.259+09:00 DEBUG 15278 --- [reactor-http-kqueue-2] io.netty.util.Recycler                   : -Dio.netty.recycler.ratio: 8
2024-06-07T17:49:41.259+09:00 DEBUG 15278 --- [reactor-http-kqueue-2] io.netty.util.Recycler                   : -Dio.netty.recycler.chunkSize: 32
2024-06-07T17:49:41.259+09:00 DEBUG 15278 --- [reactor-http-kqueue-2] io.netty.util.Recycler                   : -Dio.netty.recycler.blocking: false
2024-06-07T17:49:41.259+09:00 DEBUG 15278 --- [reactor-http-kqueue-2] io.netty.util.Recycler                   : -Dio.netty.recycler.batchFastThreadLocalOnly: true
2024-06-07T17:50:27.553+09:00 DEBUG 15278 --- [reactor-http-kqueue-2] io.netty.buffer.PoolThreadCache          : Freed 6 thread-local buffer(s) from thread: reactor-http-kqueue-2
2024-06-07T18:25:34.147+09:00  INFO 21378 --- [restartedMain] c.d.d.api.DhflourDemo1Application        : Starting DhflourDemo1Application using Java 17.0.10 with PID 21378 (/Users/chonglye/Documents/Works/projects/dhflour-study-2024-back/api/build/classes/java/main started by chonglye in /Users/chonglye/Documents/Works/projects/dhflour-study-2024-back/api)
2024-06-07T18:25:34.152+09:00 DEBUG 21378 --- [restartedMain] c.d.d.api.DhflourDemo1Application        : Running with Spring Boot v3.2.4, Spring v6.1.5
2024-06-07T18:25:34.152+09:00  INFO 21378 --- [restartedMain] c.d.d.api.DhflourDemo1Application        : The following 2 profiles are active: "core", "local"
2024-06-07T18:25:34.172+09:00  INFO 21378 --- [restartedMain] .e.DevToolsPropertyDefaultsPostProcessor : Devtools property defaults active! Set 'spring.devtools.add-properties' to 'false' to disable
2024-06-07T18:25:34.172+09:00  INFO 21378 --- [restartedMain] .e.DevToolsPropertyDefaultsPostProcessor : For additional web related logging consider setting the 'logging.level.web' property to 'DEBUG'
2024-06-07T18:25:34.554+09:00  INFO 21378 --- [restartedMain] .s.d.r.c.RepositoryConfigurationDelegate : Bootstrapping Spring Data R2DBC repositories in DEFAULT mode.
2024-06-07T18:25:34.560+09:00  INFO 21378 --- [restartedMain] .s.d.r.c.RepositoryConfigurationDelegate : Finished Spring Data repository scanning in 3 ms. Found 0 R2DBC repository interfaces.
2024-06-07T18:25:34.733+09:00  INFO 21378 --- [restartedMain] .s.d.r.c.RepositoryConfigurationDelegate : Bootstrapping Spring Data R2DBC repositories in DEFAULT mode.
2024-06-07T18:25:34.832+09:00  INFO 21378 --- [restartedMain] .s.d.r.c.RepositoryConfigurationDelegate : Finished Spring Data repository scanning in 98 ms. Found 1 R2DBC repository interface.
2024-06-07T18:25:34.973+09:00 DEBUG 21378 --- [restartedMain] i.n.u.i.logging.InternalLoggerFactory    : Using SLF4J as the default logging framework
2024-06-07T18:25:34.975+09:00 DEBUG 21378 --- [restartedMain] i.n.util.internal.PlatformDependent0     : -Dio.netty.noUnsafe: false
2024-06-07T18:25:34.975+09:00 DEBUG 21378 --- [restartedMain] i.n.util.internal.PlatformDependent0     : Java version: 17
2024-06-07T18:25:34.975+09:00 DEBUG 21378 --- [restartedMain] i.n.util.internal.PlatformDependent0     : sun.misc.Unsafe.theUnsafe: available
2024-06-07T18:25:34.976+09:00 DEBUG 21378 --- [restartedMain] i.n.util.internal.PlatformDependent0     : sun.misc.Unsafe.copyMemory: available
2024-06-07T18:25:34.976+09:00 DEBUG 21378 --- [restartedMain] i.n.util.internal.PlatformDependent0     : sun.misc.Unsafe.storeFence: available
2024-06-07T18:25:34.976+09:00 DEBUG 21378 --- [restartedMain] i.n.util.internal.PlatformDependent0     : java.nio.Buffer.address: available
2024-06-07T18:25:34.976+09:00 DEBUG 21378 --- [restartedMain] i.n.util.internal.PlatformDependent0     : direct buffer constructor: unavailable: Reflective setAccessible(true) disabled
2024-06-07T18:25:34.977+09:00 DEBUG 21378 --- [restartedMain] i.n.util.internal.PlatformDependent0     : java.nio.Bits.unaligned: available, true
2024-06-07T18:25:34.977+09:00 DEBUG 21378 --- [restartedMain] i.n.util.internal.PlatformDependent0     : jdk.internal.misc.Unsafe.allocateUninitializedArray(int): unavailable: class io.netty.util.internal.PlatformDependent0$7 cannot access class jdk.internal.misc.Unsafe (in module java.base) because module java.base does not export jdk.internal.misc to unnamed module @4554de02
2024-06-07T18:25:34.978+09:00 DEBUG 21378 --- [restartedMain] i.n.util.internal.PlatformDependent0     : java.nio.DirectByteBuffer.<init>(long, {int,long}): unavailable
2024-06-07T18:25:34.978+09:00 DEBUG 21378 --- [restartedMain] i.netty.util.internal.PlatformDependent  : sun.misc.Unsafe: available
2024-06-07T18:25:34.978+09:00 DEBUG 21378 --- [restartedMain] i.netty.util.internal.PlatformDependent  : -Dio.netty.tmpdir: /var/folders/jp/x46wkg_s2kn97yc840thd_ph0000gn/T (java.io.tmpdir)
2024-06-07T18:25:34.978+09:00 DEBUG 21378 --- [restartedMain] i.netty.util.internal.PlatformDependent  : -Dio.netty.bitMode: 64 (sun.arch.data.model)
2024-06-07T18:25:34.978+09:00 DEBUG 21378 --- [restartedMain] i.netty.util.internal.PlatformDependent  : Platform: MacOS
2024-06-07T18:25:34.979+09:00 DEBUG 21378 --- [restartedMain] i.netty.util.internal.PlatformDependent  : -Dio.netty.maxDirectMemory: -1 bytes
2024-06-07T18:25:34.979+09:00 DEBUG 21378 --- [restartedMain] i.netty.util.internal.PlatformDependent  : -Dio.netty.uninitializedArrayAllocationThreshold: -1
2024-06-07T18:25:34.979+09:00 DEBUG 21378 --- [restartedMain] io.netty.util.internal.CleanerJava9      : java.nio.ByteBuffer.cleaner(): available
2024-06-07T18:25:34.979+09:00 DEBUG 21378 --- [restartedMain] i.netty.util.internal.PlatformDependent  : -Dio.netty.noPreferDirect: false
2024-06-07T18:25:35.037+09:00 DEBUG 21378 --- [restartedMain] i.n.u.internal.InternalThreadLocalMap    : -Dio.netty.threadLocalMap.stringBuilder.initialSize: 1024
2024-06-07T18:25:35.037+09:00 DEBUG 21378 --- [restartedMain] i.n.u.internal.InternalThreadLocalMap    : -Dio.netty.threadLocalMap.stringBuilder.maxSize: 4096
2024-06-07T18:25:35.060+09:00 DEBUG 21378 --- [restartedMain] io.netty.util.ResourceLeakDetector       : -Dio.netty.leakDetection.level: simple
2024-06-07T18:25:35.060+09:00 DEBUG 21378 --- [restartedMain] io.netty.util.ResourceLeakDetector       : -Dio.netty.leakDetection.targetRecords: 4
2024-06-07T18:25:35.134+09:00 DEBUG 21378 --- [restartedMain] i.n.util.concurrent.GlobalEventExecutor  : -Dio.netty.globalEventExecutor.quietPeriodSeconds: 1
2024-06-07T18:25:35.187+09:00 DEBUG 21378 --- [restartedMain] c.d.d.c.s.jwt.JWTSymmetricServiceImpl    : Algorithm set to: HS256
2024-06-07T18:25:35.395+09:00 DEBUG 21378 --- [restartedMain] c.d.d.c.s.jwt.JWTAsymmetricServiceImpl   : Algorithm set to: RS256, Key size set to: 2048
2024-06-07T18:25:35.520+09:00  INFO 21378 --- [restartedMain] o.s.b.a.e.web.EndpointLinksResolver      : Exposing 3 endpoint(s) beneath base path '/actuator'
2024-06-07T18:25:35.578+09:00 DEBUG 21378 --- [restartedMain] c.d.dhflourdemo1.api.config.R2dbcConfig  : r2dbcTransactionManager
2024-06-07T18:25:35.733+09:00  WARN 21378 --- [restartedMain] o.s.b.d.a.OptionalLiveReloadServer       : Unable to start LiveReload server
2024-06-07T18:25:35.765+09:00 DEBUG 21378 --- [restartedMain] i.n.util.internal.NativeLibraryLoader    : -Dio.netty.native.workdir: /var/folders/jp/x46wkg_s2kn97yc840thd_ph0000gn/T (io.netty.tmpdir)
2024-06-07T18:25:35.765+09:00 DEBUG 21378 --- [restartedMain] i.n.util.internal.NativeLibraryLoader    : -Dio.netty.native.deleteLibAfterLoading: true
2024-06-07T18:25:35.765+09:00 DEBUG 21378 --- [restartedMain] i.n.util.internal.NativeLibraryLoader    : -Dio.netty.native.tryPatchShadedId: true
2024-06-07T18:25:35.765+09:00 DEBUG 21378 --- [restartedMain] i.n.util.internal.NativeLibraryLoader    : -Dio.netty.native.detectNativeLibraryDuplicates: true
2024-06-07T18:25:36.010+09:00 DEBUG 21378 --- [restartedMain] i.n.util.internal.NativeLibraryLoader    : Successfully loaded the library /var/folders/jp/x46wkg_s2kn97yc840thd_ph0000gn/T/libnetty_transport_native_kqueue_aarch_647593442895317546893.dylib
2024-06-07T18:25:36.014+09:00 DEBUG 21378 --- [restartedMain] io.netty.util.NetUtil                    : -Djava.net.preferIPv4Stack: false
2024-06-07T18:25:36.014+09:00 DEBUG 21378 --- [restartedMain] io.netty.util.NetUtil                    : -Djava.net.preferIPv6Addresses: false
2024-06-07T18:25:36.017+09:00 DEBUG 21378 --- [restartedMain] io.netty.util.NetUtilInitializations     : Loopback interface: lo0 (lo0, 0:0:0:0:0:0:0:1%lo0)
2024-06-07T18:25:36.017+09:00 DEBUG 21378 --- [restartedMain] io.netty.util.NetUtil                    : Failed to get SOMAXCONN from sysctl and file /proc/sys/net/core/somaxconn. Default: 128
2024-06-07T18:25:36.035+09:00 DEBUG 21378 --- [restartedMain] i.n.channel.MultithreadEventLoopGroup    : -Dio.netty.eventLoopThreads: 40
2024-06-07T18:25:36.048+09:00 DEBUG 21378 --- [restartedMain] i.netty.util.internal.PlatformDependent  : org.jctools-core.MpscChunkedArrayQueue: available
2024-06-07T18:25:36.051+09:00 DEBUG 21378 --- [restartedMain] io.netty.buffer.AbstractByteBuf          : -Dio.netty.buffer.checkAccessible: true
2024-06-07T18:25:36.052+09:00 DEBUG 21378 --- [restartedMain] io.netty.buffer.AbstractByteBuf          : -Dio.netty.buffer.checkBounds: true
2024-06-07T18:25:36.052+09:00 DEBUG 21378 --- [restartedMain] i.n.util.ResourceLeakDetectorFactory     : Loaded default ResourceLeakDetector: io.netty.util.ResourceLeakDetector@eeea412
2024-06-07T18:25:36.079+09:00 DEBUG 21378 --- [restartedMain] io.netty.channel.DefaultChannelId        : -Dio.netty.processId: 21378 (auto-detected)
2024-06-07T18:25:36.080+09:00 DEBUG 21378 --- [restartedMain] io.netty.channel.DefaultChannelId        : -Dio.netty.machineId: 9c:76:0e:ff:fe:82:c4:a0 (auto-detected)
2024-06-07T18:25:36.115+09:00 DEBUG 21378 --- [restartedMain] io.netty.buffer.PooledByteBufAllocator   : -Dio.netty.allocator.numHeapArenas: 40
2024-06-07T18:25:36.115+09:00 DEBUG 21378 --- [restartedMain] io.netty.buffer.PooledByteBufAllocator   : -Dio.netty.allocator.numDirectArenas: 40
2024-06-07T18:25:36.115+09:00 DEBUG 21378 --- [restartedMain] io.netty.buffer.PooledByteBufAllocator   : -Dio.netty.allocator.pageSize: 8192
2024-06-07T18:25:36.115+09:00 DEBUG 21378 --- [restartedMain] io.netty.buffer.PooledByteBufAllocator   : -Dio.netty.allocator.maxOrder: 9
2024-06-07T18:25:36.115+09:00 DEBUG 21378 --- [restartedMain] io.netty.buffer.PooledByteBufAllocator   : -Dio.netty.allocator.chunkSize: 4194304
2024-06-07T18:25:36.115+09:00 DEBUG 21378 --- [restartedMain] io.netty.buffer.PooledByteBufAllocator   : -Dio.netty.allocator.smallCacheSize: 256
2024-06-07T18:25:36.115+09:00 DEBUG 21378 --- [restartedMain] io.netty.buffer.PooledByteBufAllocator   : -Dio.netty.allocator.normalCacheSize: 64
2024-06-07T18:25:36.115+09:00 DEBUG 21378 --- [restartedMain] io.netty.buffer.PooledByteBufAllocator   : -Dio.netty.allocator.maxCachedBufferCapacity: 32768
2024-06-07T18:25:36.115+09:00 DEBUG 21378 --- [restartedMain] io.netty.buffer.PooledByteBufAllocator   : -Dio.netty.allocator.cacheTrimInterval: 8192
2024-06-07T18:25:36.115+09:00 DEBUG 21378 --- [restartedMain] io.netty.buffer.PooledByteBufAllocator   : -Dio.netty.allocator.cacheTrimIntervalMillis: 0
2024-06-07T18:25:36.115+09:00 DEBUG 21378 --- [restartedMain] io.netty.buffer.PooledByteBufAllocator   : -Dio.netty.allocator.useCacheForAllThreads: false
2024-06-07T18:25:36.115+09:00 DEBUG 21378 --- [restartedMain] io.netty.buffer.PooledByteBufAllocator   : -Dio.netty.allocator.maxCachedByteBuffersPerChunk: 1023
2024-06-07T18:25:36.122+09:00 DEBUG 21378 --- [restartedMain] io.netty.buffer.ByteBufUtil              : -Dio.netty.allocator.type: pooled
2024-06-07T18:25:36.122+09:00 DEBUG 21378 --- [restartedMain] io.netty.buffer.ByteBufUtil              : -Dio.netty.threadLocalDirectBufferSize: 0
2024-06-07T18:25:36.122+09:00 DEBUG 21378 --- [restartedMain] io.netty.buffer.ByteBufUtil              : -Dio.netty.maxThreadLocalCharBufferSize: 16384
2024-06-07T18:25:36.142+09:00  INFO 21378 --- [restartedMain] o.s.b.web.embedded.netty.NettyWebServer  : Netty started on port 8080
2024-06-07T18:25:36.152+09:00  INFO 21378 --- [restartedMain] c.d.d.api.DhflourDemo1Application        : Started DhflourDemo1Application in 2.239 seconds (process running for 3.326)
2024-06-07T18:31:42.494+09:00  INFO 21917 --- [restartedMain] c.d.d.api.DhflourDemo1Application        : Starting DhflourDemo1Application using Java 17.0.10 with PID 21917 (/Users/chonglye/Documents/Works/projects/dhflour-study-2024-back/api/build/classes/java/main started by chonglye in /Users/chonglye/Documents/Works/projects/dhflour-study-2024-back/api)
2024-06-07T18:31:42.496+09:00 DEBUG 21917 --- [restartedMain] c.d.d.api.DhflourDemo1Application        : Running with Spring Boot v3.2.4, Spring v6.1.5
2024-06-07T18:31:42.496+09:00  INFO 21917 --- [restartedMain] c.d.d.api.DhflourDemo1Application        : The following 2 profiles are active: "core", "local"
2024-06-07T18:31:42.515+09:00  INFO 21917 --- [restartedMain] .e.DevToolsPropertyDefaultsPostProcessor : Devtools property defaults active! Set 'spring.devtools.add-properties' to 'false' to disable
2024-06-07T18:31:42.516+09:00  INFO 21917 --- [restartedMain] .e.DevToolsPropertyDefaultsPostProcessor : For additional web related logging consider setting the 'logging.level.web' property to 'DEBUG'
2024-06-07T18:31:42.824+09:00  INFO 21917 --- [restartedMain] .s.d.r.c.RepositoryConfigurationDelegate : Bootstrapping Spring Data R2DBC repositories in DEFAULT mode.
2024-06-07T18:31:42.830+09:00  INFO 21917 --- [restartedMain] .s.d.r.c.RepositoryConfigurationDelegate : Finished Spring Data repository scanning in 3 ms. Found 0 R2DBC repository interfaces.
2024-06-07T18:31:42.960+09:00  INFO 21917 --- [restartedMain] .s.d.r.c.RepositoryConfigurationDelegate : Bootstrapping Spring Data R2DBC repositories in DEFAULT mode.
2024-06-07T18:31:43.032+09:00  INFO 21917 --- [restartedMain] .s.d.r.c.RepositoryConfigurationDelegate : Finished Spring Data repository scanning in 71 ms. Found 1 R2DBC repository interface.
2024-06-07T18:31:43.170+09:00 DEBUG 21917 --- [restartedMain] i.n.u.i.logging.InternalLoggerFactory    : Using SLF4J as the default logging framework
2024-06-07T18:31:43.171+09:00 DEBUG 21917 --- [restartedMain] i.n.util.internal.PlatformDependent0     : -Dio.netty.noUnsafe: false
2024-06-07T18:31:43.171+09:00 DEBUG 21917 --- [restartedMain] i.n.util.internal.PlatformDependent0     : Java version: 17
2024-06-07T18:31:43.171+09:00 DEBUG 21917 --- [restartedMain] i.n.util.internal.PlatformDependent0     : sun.misc.Unsafe.theUnsafe: available
2024-06-07T18:31:43.172+09:00 DEBUG 21917 --- [restartedMain] i.n.util.internal.PlatformDependent0     : sun.misc.Unsafe.copyMemory: available
2024-06-07T18:31:43.172+09:00 DEBUG 21917 --- [restartedMain] i.n.util.internal.PlatformDependent0     : sun.misc.Unsafe.storeFence: available
2024-06-07T18:31:43.172+09:00 DEBUG 21917 --- [restartedMain] i.n.util.internal.PlatformDependent0     : java.nio.Buffer.address: available
2024-06-07T18:31:43.172+09:00 DEBUG 21917 --- [restartedMain] i.n.util.internal.PlatformDependent0     : direct buffer constructor: unavailable: Reflective setAccessible(true) disabled
2024-06-07T18:31:43.172+09:00 DEBUG 21917 --- [restartedMain] i.n.util.internal.PlatformDependent0     : java.nio.Bits.unaligned: available, true
2024-06-07T18:31:43.173+09:00 DEBUG 21917 --- [restartedMain] i.n.util.internal.PlatformDependent0     : jdk.internal.misc.Unsafe.allocateUninitializedArray(int): unavailable: class io.netty.util.internal.PlatformDependent0$7 cannot access class jdk.internal.misc.Unsafe (in module java.base) because module java.base does not export jdk.internal.misc to unnamed module @16529dec
2024-06-07T18:31:43.173+09:00 DEBUG 21917 --- [restartedMain] i.n.util.internal.PlatformDependent0     : java.nio.DirectByteBuffer.<init>(long, {int,long}): unavailable
2024-06-07T18:31:43.173+09:00 DEBUG 21917 --- [restartedMain] i.netty.util.internal.PlatformDependent  : sun.misc.Unsafe: available
2024-06-07T18:31:43.173+09:00 DEBUG 21917 --- [restartedMain] i.netty.util.internal.PlatformDependent  : -Dio.netty.tmpdir: /var/folders/jp/x46wkg_s2kn97yc840thd_ph0000gn/T (java.io.tmpdir)
2024-06-07T18:31:43.173+09:00 DEBUG 21917 --- [restartedMain] i.netty.util.internal.PlatformDependent  : -Dio.netty.bitMode: 64 (sun.arch.data.model)
2024-06-07T18:31:43.174+09:00 DEBUG 21917 --- [restartedMain] i.netty.util.internal.PlatformDependent  : Platform: MacOS
2024-06-07T18:31:43.174+09:00 DEBUG 21917 --- [restartedMain] i.netty.util.internal.PlatformDependent  : -Dio.netty.maxDirectMemory: -1 bytes
2024-06-07T18:31:43.174+09:00 DEBUG 21917 --- [restartedMain] i.netty.util.internal.PlatformDependent  : -Dio.netty.uninitializedArrayAllocationThreshold: -1
2024-06-07T18:31:43.174+09:00 DEBUG 21917 --- [restartedMain] io.netty.util.internal.CleanerJava9      : java.nio.ByteBuffer.cleaner(): available
2024-06-07T18:31:43.174+09:00 DEBUG 21917 --- [restartedMain] i.netty.util.internal.PlatformDependent  : -Dio.netty.noPreferDirect: false
2024-06-07T18:31:43.206+09:00 DEBUG 21917 --- [restartedMain] i.n.u.internal.InternalThreadLocalMap    : -Dio.netty.threadLocalMap.stringBuilder.initialSize: 1024
2024-06-07T18:31:43.206+09:00 DEBUG 21917 --- [restartedMain] i.n.u.internal.InternalThreadLocalMap    : -Dio.netty.threadLocalMap.stringBuilder.maxSize: 4096
2024-06-07T18:31:43.217+09:00 DEBUG 21917 --- [restartedMain] io.netty.util.ResourceLeakDetector       : -Dio.netty.leakDetection.level: simple
2024-06-07T18:31:43.217+09:00 DEBUG 21917 --- [restartedMain] io.netty.util.ResourceLeakDetector       : -Dio.netty.leakDetection.targetRecords: 4
2024-06-07T18:31:43.236+09:00 DEBUG 21917 --- [restartedMain] i.n.util.concurrent.GlobalEventExecutor  : -Dio.netty.globalEventExecutor.quietPeriodSeconds: 1
2024-06-07T18:31:43.270+09:00 DEBUG 21917 --- [restartedMain] c.d.d.c.s.jwt.JWTSymmetricServiceImpl    : Algorithm set to: HS256
2024-06-07T18:31:43.418+09:00 DEBUG 21917 --- [restartedMain] c.d.d.c.s.jwt.JWTAsymmetricServiceImpl   : Algorithm set to: RS256, Key size set to: 2048
2024-06-07T18:31:43.555+09:00  INFO 21917 --- [restartedMain] o.s.b.a.e.web.EndpointLinksResolver      : Exposing 3 endpoint(s) beneath base path '/actuator'
2024-06-07T18:31:43.616+09:00 DEBUG 21917 --- [restartedMain] c.d.dhflourdemo1.api.config.R2dbcConfig  : r2dbcTransactionManager
2024-06-07T18:31:43.765+09:00  WARN 21917 --- [restartedMain] o.s.b.d.a.OptionalLiveReloadServer       : Unable to start LiveReload server
2024-06-07T18:31:43.792+09:00 DEBUG 21917 --- [restartedMain] i.n.util.internal.NativeLibraryLoader    : -Dio.netty.native.workdir: /var/folders/jp/x46wkg_s2kn97yc840thd_ph0000gn/T (io.netty.tmpdir)
2024-06-07T18:31:43.793+09:00 DEBUG 21917 --- [restartedMain] i.n.util.internal.NativeLibraryLoader    : -Dio.netty.native.deleteLibAfterLoading: true
2024-06-07T18:31:43.793+09:00 DEBUG 21917 --- [restartedMain] i.n.util.internal.NativeLibraryLoader    : -Dio.netty.native.tryPatchShadedId: true
2024-06-07T18:31:43.793+09:00 DEBUG 21917 --- [restartedMain] i.n.util.internal.NativeLibraryLoader    : -Dio.netty.native.detectNativeLibraryDuplicates: true
2024-06-07T18:31:43.979+09:00 DEBUG 21917 --- [restartedMain] i.n.util.internal.NativeLibraryLoader    : Successfully loaded the library /var/folders/jp/x46wkg_s2kn97yc840thd_ph0000gn/T/libnetty_transport_native_kqueue_aarch_647120240018178513271.dylib
2024-06-07T18:31:43.981+09:00 DEBUG 21917 --- [restartedMain] io.netty.util.NetUtil                    : -Djava.net.preferIPv4Stack: false
2024-06-07T18:31:43.981+09:00 DEBUG 21917 --- [restartedMain] io.netty.util.NetUtil                    : -Djava.net.preferIPv6Addresses: false
2024-06-07T18:31:43.984+09:00 DEBUG 21917 --- [restartedMain] io.netty.util.NetUtilInitializations     : Loopback interface: lo0 (lo0, 0:0:0:0:0:0:0:1%lo0)
2024-06-07T18:31:43.985+09:00 DEBUG 21917 --- [restartedMain] io.netty.util.NetUtil                    : Failed to get SOMAXCONN from sysctl and file /proc/sys/net/core/somaxconn. Default: 128
2024-06-07T18:31:43.986+09:00 DEBUG 21917 --- [restartedMain] i.n.channel.MultithreadEventLoopGroup    : -Dio.netty.eventLoopThreads: 40
2024-06-07T18:31:43.992+09:00 DEBUG 21917 --- [restartedMain] i.netty.util.internal.PlatformDependent  : org.jctools-core.MpscChunkedArrayQueue: available
2024-06-07T18:31:43.994+09:00 DEBUG 21917 --- [restartedMain] io.netty.buffer.AbstractByteBuf          : -Dio.netty.buffer.checkAccessible: true
2024-06-07T18:31:43.995+09:00 DEBUG 21917 --- [restartedMain] io.netty.buffer.AbstractByteBuf          : -Dio.netty.buffer.checkBounds: true
2024-06-07T18:31:43.995+09:00 DEBUG 21917 --- [restartedMain] i.n.util.ResourceLeakDetectorFactory     : Loaded default ResourceLeakDetector: io.netty.util.ResourceLeakDetector@14b8c7ca
2024-06-07T18:31:44.005+09:00 DEBUG 21917 --- [restartedMain] io.netty.channel.DefaultChannelId        : -Dio.netty.processId: 21917 (auto-detected)
2024-06-07T18:31:44.007+09:00 DEBUG 21917 --- [restartedMain] io.netty.channel.DefaultChannelId        : -Dio.netty.machineId: 9c:76:0e:ff:fe:82:c4:a0 (auto-detected)
2024-06-07T18:31:44.014+09:00 DEBUG 21917 --- [restartedMain] io.netty.buffer.PooledByteBufAllocator   : -Dio.netty.allocator.numHeapArenas: 40
2024-06-07T18:31:44.014+09:00 DEBUG 21917 --- [restartedMain] io.netty.buffer.PooledByteBufAllocator   : -Dio.netty.allocator.numDirectArenas: 40
2024-06-07T18:31:44.014+09:00 DEBUG 21917 --- [restartedMain] io.netty.buffer.PooledByteBufAllocator   : -Dio.netty.allocator.pageSize: 8192
2024-06-07T18:31:44.014+09:00 DEBUG 21917 --- [restartedMain] io.netty.buffer.PooledByteBufAllocator   : -Dio.netty.allocator.maxOrder: 9
2024-06-07T18:31:44.014+09:00 DEBUG 21917 --- [restartedMain] io.netty.buffer.PooledByteBufAllocator   : -Dio.netty.allocator.chunkSize: 4194304
2024-06-07T18:31:44.014+09:00 DEBUG 21917 --- [restartedMain] io.netty.buffer.PooledByteBufAllocator   : -Dio.netty.allocator.smallCacheSize: 256
2024-06-07T18:31:44.014+09:00 DEBUG 21917 --- [restartedMain] io.netty.buffer.PooledByteBufAllocator   : -Dio.netty.allocator.normalCacheSize: 64
2024-06-07T18:31:44.014+09:00 DEBUG 21917 --- [restartedMain] io.netty.buffer.PooledByteBufAllocator   : -Dio.netty.allocator.maxCachedBufferCapacity: 32768
2024-06-07T18:31:44.014+09:00 DEBUG 21917 --- [restartedMain] io.netty.buffer.PooledByteBufAllocator   : -Dio.netty.allocator.cacheTrimInterval: 8192
2024-06-07T18:31:44.015+09:00 DEBUG 21917 --- [restartedMain] io.netty.buffer.PooledByteBufAllocator   : -Dio.netty.allocator.cacheTrimIntervalMillis: 0
2024-06-07T18:31:44.015+09:00 DEBUG 21917 --- [restartedMain] io.netty.buffer.PooledByteBufAllocator   : -Dio.netty.allocator.useCacheForAllThreads: false
2024-06-07T18:31:44.015+09:00 DEBUG 21917 --- [restartedMain] io.netty.buffer.PooledByteBufAllocator   : -Dio.netty.allocator.maxCachedByteBuffersPerChunk: 1023
2024-06-07T18:31:44.019+09:00 DEBUG 21917 --- [restartedMain] io.netty.buffer.ByteBufUtil              : -Dio.netty.allocator.type: pooled
2024-06-07T18:31:44.020+09:00 DEBUG 21917 --- [restartedMain] io.netty.buffer.ByteBufUtil              : -Dio.netty.threadLocalDirectBufferSize: 0
2024-06-07T18:31:44.020+09:00 DEBUG 21917 --- [restartedMain] io.netty.buffer.ByteBufUtil              : -Dio.netty.maxThreadLocalCharBufferSize: 16384
2024-06-07T18:31:44.024+09:00  INFO 21917 --- [restartedMain] o.s.b.web.embedded.netty.NettyWebServer  : Netty started on port 8080
2024-06-07T18:31:44.036+09:00  INFO 21917 --- [restartedMain] c.d.d.api.DhflourDemo1Application        : Started DhflourDemo1Application in 1.761 seconds (process running for 1.958)
2024-06-08T11:11:10.044+09:00  INFO 49740 --- [restartedMain] c.d.d.api.DhflourDemo1Application        : Starting DhflourDemo1Application using Java 17.0.5 with PID 49740 (/Users/chonglyechang/Documents/Works/products/dhflour-study-2024-back/api/build/classes/java/main started by chonglyechang in /Users/chonglyechang/Documents/Works/products/dhflour-study-2024-back/api)
2024-06-08T11:11:10.045+09:00 DEBUG 49740 --- [restartedMain] c.d.d.api.DhflourDemo1Application        : Running with Spring Boot v3.2.4, Spring v6.1.5
2024-06-08T11:11:10.045+09:00  INFO 49740 --- [restartedMain] c.d.d.api.DhflourDemo1Application        : The following 2 profiles are active: "core", "local"
2024-06-08T11:11:10.072+09:00  INFO 49740 --- [restartedMain] .e.DevToolsPropertyDefaultsPostProcessor : Devtools property defaults active! Set 'spring.devtools.add-properties' to 'false' to disable
2024-06-08T11:11:10.073+09:00  INFO 49740 --- [restartedMain] .e.DevToolsPropertyDefaultsPostProcessor : For additional web related logging consider setting the 'logging.level.web' property to 'DEBUG'
2024-06-08T11:11:10.444+09:00  INFO 49740 --- [restartedMain] .s.d.r.c.RepositoryConfigurationDelegate : Bootstrapping Spring Data R2DBC repositories in DEFAULT mode.
2024-06-08T11:11:10.453+09:00  INFO 49740 --- [restartedMain] .s.d.r.c.RepositoryConfigurationDelegate : Finished Spring Data repository scanning in 4 ms. Found 0 R2DBC repository interfaces.
2024-06-08T11:11:10.632+09:00  INFO 49740 --- [restartedMain] .s.d.r.c.RepositoryConfigurationDelegate : Bootstrapping Spring Data R2DBC repositories in DEFAULT mode.
2024-06-08T11:11:10.708+09:00  INFO 49740 --- [restartedMain] .s.d.r.c.RepositoryConfigurationDelegate : Finished Spring Data repository scanning in 76 ms. Found 1 R2DBC repository interface.
2024-06-08T11:11:10.883+09:00 DEBUG 49740 --- [restartedMain] i.n.u.i.logging.InternalLoggerFactory    : Using SLF4J as the default logging framework
2024-06-08T11:11:10.885+09:00 DEBUG 49740 --- [restartedMain] i.n.util.internal.PlatformDependent0     : -Dio.netty.noUnsafe: false
2024-06-08T11:11:10.885+09:00 DEBUG 49740 --- [restartedMain] i.n.util.internal.PlatformDependent0     : Java version: 17
2024-06-08T11:11:10.885+09:00 DEBUG 49740 --- [restartedMain] i.n.util.internal.PlatformDependent0     : sun.misc.Unsafe.theUnsafe: available
2024-06-08T11:11:10.886+09:00 DEBUG 49740 --- [restartedMain] i.n.util.internal.PlatformDependent0     : sun.misc.Unsafe.copyMemory: available
2024-06-08T11:11:10.886+09:00 DEBUG 49740 --- [restartedMain] i.n.util.internal.PlatformDependent0     : sun.misc.Unsafe.storeFence: available
2024-06-08T11:11:10.886+09:00 DEBUG 49740 --- [restartedMain] i.n.util.internal.PlatformDependent0     : java.nio.Buffer.address: available
2024-06-08T11:11:10.886+09:00 DEBUG 49740 --- [restartedMain] i.n.util.internal.PlatformDependent0     : direct buffer constructor: unavailable: Reflective setAccessible(true) disabled
2024-06-08T11:11:10.886+09:00 DEBUG 49740 --- [restartedMain] i.n.util.internal.PlatformDependent0     : java.nio.Bits.unaligned: available, true
2024-06-08T11:11:10.887+09:00 DEBUG 49740 --- [restartedMain] i.n.util.internal.PlatformDependent0     : jdk.internal.misc.Unsafe.allocateUninitializedArray(int): unavailable: class io.netty.util.internal.PlatformDependent0$7 cannot access class jdk.internal.misc.Unsafe (in module java.base) because module java.base does not export jdk.internal.misc to unnamed module @b8e4e0
2024-06-08T11:11:10.888+09:00 DEBUG 49740 --- [restartedMain] i.n.util.internal.PlatformDependent0     : java.nio.DirectByteBuffer.<init>(long, {int,long}): unavailable
2024-06-08T11:11:10.888+09:00 DEBUG 49740 --- [restartedMain] i.netty.util.internal.PlatformDependent  : sun.misc.Unsafe: available
2024-06-08T11:11:10.888+09:00 DEBUG 49740 --- [restartedMain] i.netty.util.internal.PlatformDependent  : -Dio.netty.tmpdir: /var/folders/dr/n_l3y86x6ml079yml7vf9kfw0000gn/T (java.io.tmpdir)
2024-06-08T11:11:10.888+09:00 DEBUG 49740 --- [restartedMain] i.netty.util.internal.PlatformDependent  : -Dio.netty.bitMode: 64 (sun.arch.data.model)
2024-06-08T11:11:10.888+09:00 DEBUG 49740 --- [restartedMain] i.netty.util.internal.PlatformDependent  : Platform: MacOS
2024-06-08T11:11:10.889+09:00 DEBUG 49740 --- [restartedMain] i.netty.util.internal.PlatformDependent  : -Dio.netty.maxDirectMemory: -1 bytes
2024-06-08T11:11:10.889+09:00 DEBUG 49740 --- [restartedMain] i.netty.util.internal.PlatformDependent  : -Dio.netty.uninitializedArrayAllocationThreshold: -1
2024-06-08T11:11:10.889+09:00 DEBUG 49740 --- [restartedMain] io.netty.util.internal.CleanerJava9      : java.nio.ByteBuffer.cleaner(): available
2024-06-08T11:11:10.889+09:00 DEBUG 49740 --- [restartedMain] i.netty.util.internal.PlatformDependent  : -Dio.netty.noPreferDirect: false
2024-06-08T11:11:10.928+09:00 DEBUG 49740 --- [restartedMain] i.n.u.internal.InternalThreadLocalMap    : -Dio.netty.threadLocalMap.stringBuilder.initialSize: 1024
2024-06-08T11:11:10.928+09:00 DEBUG 49740 --- [restartedMain] i.n.u.internal.InternalThreadLocalMap    : -Dio.netty.threadLocalMap.stringBuilder.maxSize: 4096
2024-06-08T11:11:10.941+09:00 DEBUG 49740 --- [restartedMain] io.netty.util.ResourceLeakDetector       : -Dio.netty.leakDetection.level: simple
2024-06-08T11:11:10.942+09:00 DEBUG 49740 --- [restartedMain] io.netty.util.ResourceLeakDetector       : -Dio.netty.leakDetection.targetRecords: 4
2024-06-08T11:11:10.966+09:00 DEBUG 49740 --- [restartedMain] i.n.util.concurrent.GlobalEventExecutor  : -Dio.netty.globalEventExecutor.quietPeriodSeconds: 1
2024-06-08T11:11:11.004+09:00 DEBUG 49740 --- [restartedMain] c.d.d.c.s.jwt.JWTSymmetricServiceImpl    : Algorithm set to: HS256
2024-06-08T11:11:11.221+09:00 DEBUG 49740 --- [restartedMain] c.d.d.c.s.jwt.JWTAsymmetricServiceImpl   : Algorithm set to: RS256, Key size set to: 2048
2024-06-08T11:11:11.374+09:00  INFO 49740 --- [restartedMain] o.s.b.a.e.web.EndpointLinksResolver      : Exposing 3 endpoint(s) beneath base path '/actuator'
2024-06-08T11:11:11.443+09:00 DEBUG 49740 --- [restartedMain] c.d.dhflourdemo1.api.config.R2dbcConfig  : r2dbcTransactionManager
2024-06-08T11:11:11.611+09:00  WARN 49740 --- [restartedMain] o.s.b.d.a.OptionalLiveReloadServer       : Unable to start LiveReload server
2024-06-08T11:11:11.646+09:00 DEBUG 49740 --- [restartedMain] i.n.util.internal.NativeLibraryLoader    : -Dio.netty.native.workdir: /var/folders/dr/n_l3y86x6ml079yml7vf9kfw0000gn/T (io.netty.tmpdir)
2024-06-08T11:11:11.646+09:00 DEBUG 49740 --- [restartedMain] i.n.util.internal.NativeLibraryLoader    : -Dio.netty.native.deleteLibAfterLoading: true
2024-06-08T11:11:11.646+09:00 DEBUG 49740 --- [restartedMain] i.n.util.internal.NativeLibraryLoader    : -Dio.netty.native.tryPatchShadedId: true
2024-06-08T11:11:11.646+09:00 DEBUG 49740 --- [restartedMain] i.n.util.internal.NativeLibraryLoader    : -Dio.netty.native.detectNativeLibraryDuplicates: true
2024-06-08T11:11:12.081+09:00 DEBUG 49740 --- [restartedMain] i.n.util.internal.NativeLibraryLoader    : Successfully loaded the library /var/folders/dr/n_l3y86x6ml079yml7vf9kfw0000gn/T/libnetty_transport_native_kqueue_aarch_6414751676303438480259.dylib
2024-06-08T11:11:12.086+09:00 DEBUG 49740 --- [restartedMain] io.netty.util.NetUtil                    : -Djava.net.preferIPv4Stack: false
2024-06-08T11:11:12.086+09:00 DEBUG 49740 --- [restartedMain] io.netty.util.NetUtil                    : -Djava.net.preferIPv6Addresses: false
2024-06-08T11:11:12.089+09:00 DEBUG 49740 --- [restartedMain] io.netty.util.NetUtilInitializations     : Loopback interface: lo0 (lo0, 0:0:0:0:0:0:0:1%lo0)
2024-06-08T11:11:12.089+09:00 DEBUG 49740 --- [restartedMain] io.netty.util.NetUtil                    : Failed to get SOMAXCONN from sysctl and file /proc/sys/net/core/somaxconn. Default: 128
2024-06-08T11:11:12.092+09:00 DEBUG 49740 --- [restartedMain] i.n.channel.MultithreadEventLoopGroup    : -Dio.netty.eventLoopThreads: 20
2024-06-08T11:11:12.098+09:00 DEBUG 49740 --- [restartedMain] i.netty.util.internal.PlatformDependent  : org.jctools-core.MpscChunkedArrayQueue: available
2024-06-08T11:11:12.101+09:00 DEBUG 49740 --- [restartedMain] io.netty.buffer.AbstractByteBuf          : -Dio.netty.buffer.checkAccessible: true
2024-06-08T11:11:12.101+09:00 DEBUG 49740 --- [restartedMain] io.netty.buffer.AbstractByteBuf          : -Dio.netty.buffer.checkBounds: true
2024-06-08T11:11:12.101+09:00 DEBUG 49740 --- [restartedMain] i.n.util.ResourceLeakDetectorFactory     : Loaded default ResourceLeakDetector: io.netty.util.ResourceLeakDetector@581637f2
2024-06-08T11:11:12.111+09:00 DEBUG 49740 --- [restartedMain] io.netty.channel.DefaultChannelId        : -Dio.netty.processId: 49740 (auto-detected)
2024-06-08T11:11:12.112+09:00 DEBUG 49740 --- [restartedMain] io.netty.channel.DefaultChannelId        : -Dio.netty.machineId: bc:d0:74:ff:fe:05:d5:e9 (auto-detected)
2024-06-08T11:11:12.120+09:00 DEBUG 49740 --- [restartedMain] io.netty.buffer.PooledByteBufAllocator   : -Dio.netty.allocator.numHeapArenas: 20
2024-06-08T11:11:12.121+09:00 DEBUG 49740 --- [restartedMain] io.netty.buffer.PooledByteBufAllocator   : -Dio.netty.allocator.numDirectArenas: 20
2024-06-08T11:11:12.121+09:00 DEBUG 49740 --- [restartedMain] io.netty.buffer.PooledByteBufAllocator   : -Dio.netty.allocator.pageSize: 8192
2024-06-08T11:11:12.121+09:00 DEBUG 49740 --- [restartedMain] io.netty.buffer.PooledByteBufAllocator   : -Dio.netty.allocator.maxOrder: 9
2024-06-08T11:11:12.121+09:00 DEBUG 49740 --- [restartedMain] io.netty.buffer.PooledByteBufAllocator   : -Dio.netty.allocator.chunkSize: 4194304
2024-06-08T11:11:12.121+09:00 DEBUG 49740 --- [restartedMain] io.netty.buffer.PooledByteBufAllocator   : -Dio.netty.allocator.smallCacheSize: 256
2024-06-08T11:11:12.121+09:00 DEBUG 49740 --- [restartedMain] io.netty.buffer.PooledByteBufAllocator   : -Dio.netty.allocator.normalCacheSize: 64
2024-06-08T11:11:12.121+09:00 DEBUG 49740 --- [restartedMain] io.netty.buffer.PooledByteBufAllocator   : -Dio.netty.allocator.maxCachedBufferCapacity: 32768
2024-06-08T11:11:12.121+09:00 DEBUG 49740 --- [restartedMain] io.netty.buffer.PooledByteBufAllocator   : -Dio.netty.allocator.cacheTrimInterval: 8192
2024-06-08T11:11:12.121+09:00 DEBUG 49740 --- [restartedMain] io.netty.buffer.PooledByteBufAllocator   : -Dio.netty.allocator.cacheTrimIntervalMillis: 0
2024-06-08T11:11:12.121+09:00 DEBUG 49740 --- [restartedMain] io.netty.buffer.PooledByteBufAllocator   : -Dio.netty.allocator.useCacheForAllThreads: false
2024-06-08T11:11:12.121+09:00 DEBUG 49740 --- [restartedMain] io.netty.buffer.PooledByteBufAllocator   : -Dio.netty.allocator.maxCachedByteBuffersPerChunk: 1023
2024-06-08T11:11:12.125+09:00 DEBUG 49740 --- [restartedMain] io.netty.buffer.ByteBufUtil              : -Dio.netty.allocator.type: pooled
2024-06-08T11:11:12.125+09:00 DEBUG 49740 --- [restartedMain] io.netty.buffer.ByteBufUtil              : -Dio.netty.threadLocalDirectBufferSize: 0
2024-06-08T11:11:12.125+09:00 DEBUG 49740 --- [restartedMain] io.netty.buffer.ByteBufUtil              : -Dio.netty.maxThreadLocalCharBufferSize: 16384
2024-06-08T11:11:12.130+09:00  INFO 49740 --- [restartedMain] o.s.b.web.embedded.netty.NettyWebServer  : Netty started on port 8080
2024-06-08T11:11:12.140+09:00  INFO 49740 --- [restartedMain] c.d.d.api.DhflourDemo1Application        : Started DhflourDemo1Application in 2.374 seconds (process running for 2.683)
2024-06-08T11:11:24.118+09:00 DEBUG 49740 --- [reactor-http-kqueue-2] io.netty.util.Recycler                   : -Dio.netty.recycler.maxCapacityPerThread: 4096
2024-06-08T11:11:24.118+09:00 DEBUG 49740 --- [reactor-http-kqueue-2] io.netty.util.Recycler                   : -Dio.netty.recycler.ratio: 8
2024-06-08T11:11:24.118+09:00 DEBUG 49740 --- [reactor-http-kqueue-2] io.netty.util.Recycler                   : -Dio.netty.recycler.chunkSize: 32
2024-06-08T11:11:24.118+09:00 DEBUG 49740 --- [reactor-http-kqueue-2] io.netty.util.Recycler                   : -Dio.netty.recycler.blocking: false
2024-06-08T11:11:24.118+09:00 DEBUG 49740 --- [reactor-http-kqueue-2] io.netty.util.Recycler                   : -Dio.netty.recycler.batchFastThreadLocalOnly: true
